2014-01-21T15:48:31+00:00 ERR (3): 
SoapFault exception: [Client] SOAP-ERROR: Encoding: string '9\xfd...' is not a valid utf-8 string in E:\Work\www\lc.devrack.lacrosseunlimited.com\app\code\core\Mage\Usa\Model\Shipping\Carrier\Fedex.php:410
Stack trace:
#0 [internal function]: SoapClient->__call('getRates', Array)
#1 E:\Work\www\lc.devrack.lacrosseunlimited.com\app\code\core\Mage\Usa\Model\Shipping\Carrier\Fedex.php(410): SoapClient->getRates(Array)
#2 E:\Work\www\lc.devrack.lacrosseunlimited.com\app\code\core\Mage\Usa\Model\Shipping\Carrier\Fedex.php(443): Mage_Usa_Model_Shipping_Carrier_Fedex->_doRatesRequest('general')
#3 E:\Work\www\lc.devrack.lacrosseunlimited.com\app\code\core\Mage\Usa\Model\Shipping\Carrier\Fedex.php(186): Mage_Usa_Model_Shipping_Carrier_Fedex->_getQuotes()
#4 E:\Work\www\lc.devrack.lacrosseunlimited.com\app\code\core\Mage\Shipping\Model\Shipping.php(207): Mage_Usa_Model_Shipping_Carrier_Fedex->collectRates(Object(Mage_Shipping_Model_Rate_Request))
#5 E:\Work\www\lc.devrack.lacrosseunlimited.com\app\code\core\Mage\Shipping\Model\Shipping.php(129): Mage_Shipping_Model_Shipping->collectCarrierRates('fedex', Object(Mage_Shipping_Model_Rate_Request))
#6 E:\Work\www\lc.devrack.lacrosseunlimited.com\app\code\core\Mage\Sales\Model\Quote\Address.php(888): Mage_Shipping_Model_Shipping->collectRates(Object(Mage_Shipping_Model_Rate_Request))
#7 E:\Work\www\lc.devrack.lacrosseunlimited.com\app\code\core\Mage\Sales\Model\Quote\Address.php(819): Mage_Sales_Model_Quote_Address->requestShippingRates()
#8 E:\Work\www\lc.devrack.lacrosseunlimited.com\app\code\core\Mage\Sales\Model\Quote\Address\Total\Shipping.php(155): Mage_Sales_Model_Quote_Address->collectShippingRates()
#9 E:\Work\www\lc.devrack.lacrosseunlimited.com\app\code\core\Mage\Sales\Model\Quote\Address.php(957): Mage_Sales_Model_Quote_Address_Total_Shipping->collect(Object(Mage_Sales_Model_Quote_Address))
#10 E:\Work\www\lc.devrack.lacrosseunlimited.com\app\code\core\Mage\Sales\Model\Quote.php(1263): Mage_Sales_Model_Quote_Address->collectTotals()
#11 E:\Work\www\lc.devrack.lacrosseunlimited.com\app\code\local\Idev\OneStepCheckout\Model\Sales\Quote.php(27): Mage_Sales_Model_Quote->collectTotals()
#12 E:\Work\www\lc.devrack.lacrosseunlimited.com\app\code\core\Mage\Checkout\Model\Cart.php(464): Idev_OneStepCheckout_Model_Sales_Quote->collectTotals()
#13 E:\Work\www\lc.devrack.lacrosseunlimited.com\app\code\core\Mage\Checkout\controllers\CartController.php(198): Mage_Checkout_Model_Cart->save()
#14 E:\Work\www\lc.devrack.lacrosseunlimited.com\app\code\core\Mage\Core\Controller\Varien\Action.php(419): Mage_Checkout_CartController->addAction()
#15 E:\Work\www\lc.devrack.lacrosseunlimited.com\app\code\core\Mage\Core\Controller\Varien\Router\Standard.php(250): Mage_Core_Controller_Varien_Action->dispatch('add')
#16 E:\Work\www\lc.devrack.lacrosseunlimited.com\app\code\core\Mage\Core\Controller\Varien\Front.php(176): Mage_Core_Controller_Varien_Router_Standard->match(Object(Mage_Core_Controller_Request_Http))
#17 E:\Work\www\lc.devrack.lacrosseunlimited.com\app\code\core\Mage\Core\Model\App.php(354): Mage_Core_Controller_Varien_Front->dispatch()
#18 E:\Work\www\lc.devrack.lacrosseunlimited.com\app\Mage.php(686): Mage_Core_Model_App->run(Array)
#19 E:\Work\www\lc.devrack.lacrosseunlimited.com\index.php(88): Mage::run('', 'store')
#20 {main}
2014-01-21T15:48:35+00:00 ERR (3): 
SoapFault exception: [Client] SOAP-ERROR: Encoding: string '9\xfd...' is not a valid utf-8 string in E:\Work\www\lc.devrack.lacrosseunlimited.com\app\code\core\Mage\Usa\Model\Shipping\Carrier\Fedex.php:410
Stack trace:
#0 [internal function]: SoapClient->__call('getRates', Array)
#1 E:\Work\www\lc.devrack.lacrosseunlimited.com\app\code\core\Mage\Usa\Model\Shipping\Carrier\Fedex.php(410): SoapClient->getRates(Array)
#2 E:\Work\www\lc.devrack.lacrosseunlimited.com\app\code\core\Mage\Usa\Model\Shipping\Carrier\Fedex.php(443): Mage_Usa_Model_Shipping_Carrier_Fedex->_doRatesRequest('general')
#3 E:\Work\www\lc.devrack.lacrosseunlimited.com\app\code\core\Mage\Usa\Model\Shipping\Carrier\Fedex.php(186): Mage_Usa_Model_Shipping_Carrier_Fedex->_getQuotes()
#4 E:\Work\www\lc.devrack.lacrosseunlimited.com\app\code\core\Mage\Shipping\Model\Shipping.php(207): Mage_Usa_Model_Shipping_Carrier_Fedex->collectRates(Object(Mage_Shipping_Model_Rate_Request))
#5 E:\Work\www\lc.devrack.lacrosseunlimited.com\app\code\core\Mage\Shipping\Model\Shipping.php(129): Mage_Shipping_Model_Shipping->collectCarrierRates('fedex', Object(Mage_Shipping_Model_Rate_Request))
#6 E:\Work\www\lc.devrack.lacrosseunlimited.com\app\code\core\Mage\Sales\Model\Quote\Address.php(888): Mage_Shipping_Model_Shipping->collectRates(Object(Mage_Shipping_Model_Rate_Request))
#7 E:\Work\www\lc.devrack.lacrosseunlimited.com\app\code\core\Mage\Sales\Model\Quote\Address.php(819): Mage_Sales_Model_Quote_Address->requestShippingRates()
#8 E:\Work\www\lc.devrack.lacrosseunlimited.com\app\code\core\Mage\Sales\Model\Quote\Address\Total\Shipping.php(155): Mage_Sales_Model_Quote_Address->collectShippingRates()
#9 E:\Work\www\lc.devrack.lacrosseunlimited.com\app\code\core\Mage\Sales\Model\Quote\Address.php(957): Mage_Sales_Model_Quote_Address_Total_Shipping->collect(Object(Mage_Sales_Model_Quote_Address))
#10 E:\Work\www\lc.devrack.lacrosseunlimited.com\app\code\core\Mage\Sales\Model\Quote.php(1263): Mage_Sales_Model_Quote_Address->collectTotals()
#11 E:\Work\www\lc.devrack.lacrosseunlimited.com\app\code\local\Idev\OneStepCheckout\Model\Sales\Quote.php(27): Mage_Sales_Model_Quote->collectTotals()
#12 E:\Work\www\lc.devrack.lacrosseunlimited.com\app\code\core\Mage\Checkout\Model\Cart.php(464): Idev_OneStepCheckout_Model_Sales_Quote->collectTotals()
#13 E:\Work\www\lc.devrack.lacrosseunlimited.com\app\code\core\Mage\Checkout\controllers\CartController.php(126): Mage_Checkout_Model_Cart->save()
#14 E:\Work\www\lc.devrack.lacrosseunlimited.com\app\code\core\Mage\Core\Controller\Varien\Action.php(419): Mage_Checkout_CartController->indexAction()
#15 E:\Work\www\lc.devrack.lacrosseunlimited.com\app\code\core\Mage\Core\Controller\Varien\Router\Standard.php(250): Mage_Core_Controller_Varien_Action->dispatch('index')
#16 E:\Work\www\lc.devrack.lacrosseunlimited.com\app\code\core\Mage\Core\Controller\Varien\Front.php(176): Mage_Core_Controller_Varien_Router_Standard->match(Object(Mage_Core_Controller_Request_Http))
#17 E:\Work\www\lc.devrack.lacrosseunlimited.com\app\code\core\Mage\Core\Model\App.php(354): Mage_Core_Controller_Varien_Front->dispatch()
#18 E:\Work\www\lc.devrack.lacrosseunlimited.com\app\Mage.php(686): Mage_Core_Model_App->run(Array)
#19 E:\Work\www\lc.devrack.lacrosseunlimited.com\index.php(88): Mage::run('', 'store')
#20 {main}
2014-01-21T15:49:38+00:00 ERR (3): 
SoapFault exception: [Client] SOAP-ERROR: Encoding: string '9\xfd...' is not a valid utf-8 string in E:\Work\www\lc.devrack.lacrosseunlimited.com\app\code\core\Mage\Usa\Model\Shipping\Carrier\Fedex.php:410
Stack trace:
#0 [internal function]: SoapClient->__call('getRates', Array)
#1 E:\Work\www\lc.devrack.lacrosseunlimited.com\app\code\core\Mage\Usa\Model\Shipping\Carrier\Fedex.php(410): SoapClient->getRates(Array)
#2 E:\Work\www\lc.devrack.lacrosseunlimited.com\app\code\core\Mage\Usa\Model\Shipping\Carrier\Fedex.php(443): Mage_Usa_Model_Shipping_Carrier_Fedex->_doRatesRequest('general')
#3 E:\Work\www\lc.devrack.lacrosseunlimited.com\app\code\core\Mage\Usa\Model\Shipping\Carrier\Fedex.php(186): Mage_Usa_Model_Shipping_Carrier_Fedex->_getQuotes()
#4 E:\Work\www\lc.devrack.lacrosseunlimited.com\app\code\core\Mage\Shipping\Model\Shipping.php(207): Mage_Usa_Model_Shipping_Carrier_Fedex->collectRates(Object(Mage_Shipping_Model_Rate_Request))
#5 E:\Work\www\lc.devrack.lacrosseunlimited.com\app\code\core\Mage\Shipping\Model\Shipping.php(129): Mage_Shipping_Model_Shipping->collectCarrierRates('fedex', Object(Mage_Shipping_Model_Rate_Request))
#6 E:\Work\www\lc.devrack.lacrosseunlimited.com\app\code\core\Mage\Sales\Model\Quote\Address.php(888): Mage_Shipping_Model_Shipping->collectRates(Object(Mage_Shipping_Model_Rate_Request))
#7 E:\Work\www\lc.devrack.lacrosseunlimited.com\app\code\core\Mage\Sales\Model\Quote\Address.php(819): Mage_Sales_Model_Quote_Address->requestShippingRates()
#8 E:\Work\www\lc.devrack.lacrosseunlimited.com\app\code\core\Mage\Sales\Model\Quote\Address\Total\Shipping.php(155): Mage_Sales_Model_Quote_Address->collectShippingRates()
#9 E:\Work\www\lc.devrack.lacrosseunlimited.com\app\code\core\Mage\Sales\Model\Quote\Address.php(957): Mage_Sales_Model_Quote_Address_Total_Shipping->collect(Object(Mage_Sales_Model_Quote_Address))
#10 E:\Work\www\lc.devrack.lacrosseunlimited.com\app\code\core\Mage\Sales\Model\Quote.php(1263): Mage_Sales_Model_Quote_Address->collectTotals()
#11 E:\Work\www\lc.devrack.lacrosseunlimited.com\app\code\local\Idev\OneStepCheckout\Model\Sales\Quote.php(27): Mage_Sales_Model_Quote->collectTotals()
#12 E:\Work\www\lc.devrack.lacrosseunlimited.com\app\code\core\Mage\Checkout\Model\Cart.php(464): Idev_OneStepCheckout_Model_Sales_Quote->collectTotals()
#13 E:\Work\www\lc.devrack.lacrosseunlimited.com\app\code\core\Mage\Checkout\controllers\CartController.php(126): Mage_Checkout_Model_Cart->save()
#14 E:\Work\www\lc.devrack.lacrosseunlimited.com\app\code\core\Mage\Core\Controller\Varien\Action.php(419): Mage_Checkout_CartController->indexAction()
#15 E:\Work\www\lc.devrack.lacrosseunlimited.com\app\code\core\Mage\Core\Controller\Varien\Router\Standard.php(250): Mage_Core_Controller_Varien_Action->dispatch('index')
#16 E:\Work\www\lc.devrack.lacrosseunlimited.com\app\code\core\Mage\Core\Controller\Varien\Front.php(176): Mage_Core_Controller_Varien_Router_Standard->match(Object(Mage_Core_Controller_Request_Http))
#17 E:\Work\www\lc.devrack.lacrosseunlimited.com\app\code\core\Mage\Core\Model\App.php(354): Mage_Core_Controller_Varien_Front->dispatch()
#18 E:\Work\www\lc.devrack.lacrosseunlimited.com\app\Mage.php(686): Mage_Core_Model_App->run(Array)
#19 E:\Work\www\lc.devrack.lacrosseunlimited.com\index.php(88): Mage::run('', 'store')
#20 {main}
2014-01-21T15:51:05+00:00 ERR (3): 
SoapFault exception: [Client] SOAP-ERROR: Encoding: string '9\xfd...' is not a valid utf-8 string in E:\Work\www\lc.devrack.lacrosseunlimited.com\app\code\core\Mage\Usa\Model\Shipping\Carrier\Fedex.php:410
Stack trace:
#0 [internal function]: SoapClient->__call('getRates', Array)
#1 E:\Work\www\lc.devrack.lacrosseunlimited.com\app\code\core\Mage\Usa\Model\Shipping\Carrier\Fedex.php(410): SoapClient->getRates(Array)
#2 E:\Work\www\lc.devrack.lacrosseunlimited.com\app\code\core\Mage\Usa\Model\Shipping\Carrier\Fedex.php(443): Mage_Usa_Model_Shipping_Carrier_Fedex->_doRatesRequest('general')
#3 E:\Work\www\lc.devrack.lacrosseunlimited.com\app\code\core\Mage\Usa\Model\Shipping\Carrier\Fedex.php(186): Mage_Usa_Model_Shipping_Carrier_Fedex->_getQuotes()
#4 E:\Work\www\lc.devrack.lacrosseunlimited.com\app\code\core\Mage\Shipping\Model\Shipping.php(207): Mage_Usa_Model_Shipping_Carrier_Fedex->collectRates(Object(Mage_Shipping_Model_Rate_Request))
#5 E:\Work\www\lc.devrack.lacrosseunlimited.com\app\code\core\Mage\Shipping\Model\Shipping.php(129): Mage_Shipping_Model_Shipping->collectCarrierRates('fedex', Object(Mage_Shipping_Model_Rate_Request))
#6 E:\Work\www\lc.devrack.lacrosseunlimited.com\app\code\core\Mage\Sales\Model\Quote\Address.php(888): Mage_Shipping_Model_Shipping->collectRates(Object(Mage_Shipping_Model_Rate_Request))
#7 E:\Work\www\lc.devrack.lacrosseunlimited.com\app\code\core\Mage\Sales\Model\Quote\Address.php(819): Mage_Sales_Model_Quote_Address->requestShippingRates()
#8 E:\Work\www\lc.devrack.lacrosseunlimited.com\app\code\core\Mage\Sales\Model\Quote\Address\Total\Shipping.php(155): Mage_Sales_Model_Quote_Address->collectShippingRates()
#9 E:\Work\www\lc.devrack.lacrosseunlimited.com\app\code\core\Mage\Sales\Model\Quote\Address.php(957): Mage_Sales_Model_Quote_Address_Total_Shipping->collect(Object(Mage_Sales_Model_Quote_Address))
#10 E:\Work\www\lc.devrack.lacrosseunlimited.com\app\code\core\Mage\Sales\Model\Quote.php(1263): Mage_Sales_Model_Quote_Address->collectTotals()
#11 E:\Work\www\lc.devrack.lacrosseunlimited.com\app\code\local\Idev\OneStepCheckout\Model\Sales\Quote.php(27): Mage_Sales_Model_Quote->collectTotals()
#12 E:\Work\www\lc.devrack.lacrosseunlimited.com\app\code\core\Mage\Checkout\Model\Cart.php(464): Idev_OneStepCheckout_Model_Sales_Quote->collectTotals()
#13 E:\Work\www\lc.devrack.lacrosseunlimited.com\app\code\core\Mage\Checkout\controllers\CartController.php(198): Mage_Checkout_Model_Cart->save()
#14 E:\Work\www\lc.devrack.lacrosseunlimited.com\app\code\core\Mage\Core\Controller\Varien\Action.php(419): Mage_Checkout_CartController->addAction()
#15 E:\Work\www\lc.devrack.lacrosseunlimited.com\app\code\core\Mage\Core\Controller\Varien\Router\Standard.php(250): Mage_Core_Controller_Varien_Action->dispatch('add')
#16 E:\Work\www\lc.devrack.lacrosseunlimited.com\app\code\core\Mage\Core\Controller\Varien\Front.php(176): Mage_Core_Controller_Varien_Router_Standard->match(Object(Mage_Core_Controller_Request_Http))
#17 E:\Work\www\lc.devrack.lacrosseunlimited.com\app\code\core\Mage\Core\Model\App.php(354): Mage_Core_Controller_Varien_Front->dispatch()
#18 E:\Work\www\lc.devrack.lacrosseunlimited.com\app\Mage.php(686): Mage_Core_Model_App->run(Array)
#19 E:\Work\www\lc.devrack.lacrosseunlimited.com\index.php(88): Mage::run('', 'store')
#20 {main}
2014-01-21T15:51:07+00:00 ERR (3): 
SoapFault exception: [Client] SOAP-ERROR: Encoding: string '9\xfd...' is not a valid utf-8 string in E:\Work\www\lc.devrack.lacrosseunlimited.com\app\code\core\Mage\Usa\Model\Shipping\Carrier\Fedex.php:410
Stack trace:
#0 [internal function]: SoapClient->__call('getRates', Array)
#1 E:\Work\www\lc.devrack.lacrosseunlimited.com\app\code\core\Mage\Usa\Model\Shipping\Carrier\Fedex.php(410): SoapClient->getRates(Array)
#2 E:\Work\www\lc.devrack.lacrosseunlimited.com\app\code\core\Mage\Usa\Model\Shipping\Carrier\Fedex.php(443): Mage_Usa_Model_Shipping_Carrier_Fedex->_doRatesRequest('general')
#3 E:\Work\www\lc.devrack.lacrosseunlimited.com\app\code\core\Mage\Usa\Model\Shipping\Carrier\Fedex.php(186): Mage_Usa_Model_Shipping_Carrier_Fedex->_getQuotes()
#4 E:\Work\www\lc.devrack.lacrosseunlimited.com\app\code\core\Mage\Shipping\Model\Shipping.php(207): Mage_Usa_Model_Shipping_Carrier_Fedex->collectRates(Object(Mage_Shipping_Model_Rate_Request))
#5 E:\Work\www\lc.devrack.lacrosseunlimited.com\app\code\core\Mage\Shipping\Model\Shipping.php(129): Mage_Shipping_Model_Shipping->collectCarrierRates('fedex', Object(Mage_Shipping_Model_Rate_Request))
#6 E:\Work\www\lc.devrack.lacrosseunlimited.com\app\code\core\Mage\Sales\Model\Quote\Address.php(888): Mage_Shipping_Model_Shipping->collectRates(Object(Mage_Shipping_Model_Rate_Request))
#7 E:\Work\www\lc.devrack.lacrosseunlimited.com\app\code\core\Mage\Sales\Model\Quote\Address.php(819): Mage_Sales_Model_Quote_Address->requestShippingRates()
#8 E:\Work\www\lc.devrack.lacrosseunlimited.com\app\code\core\Mage\Sales\Model\Quote\Address\Total\Shipping.php(155): Mage_Sales_Model_Quote_Address->collectShippingRates()
#9 E:\Work\www\lc.devrack.lacrosseunlimited.com\app\code\core\Mage\Sales\Model\Quote\Address.php(957): Mage_Sales_Model_Quote_Address_Total_Shipping->collect(Object(Mage_Sales_Model_Quote_Address))
#10 E:\Work\www\lc.devrack.lacrosseunlimited.com\app\code\core\Mage\Sales\Model\Quote.php(1263): Mage_Sales_Model_Quote_Address->collectTotals()
#11 E:\Work\www\lc.devrack.lacrosseunlimited.com\app\code\local\Idev\OneStepCheckout\Model\Sales\Quote.php(27): Mage_Sales_Model_Quote->collectTotals()
#12 E:\Work\www\lc.devrack.lacrosseunlimited.com\app\code\core\Mage\Checkout\Model\Cart.php(464): Idev_OneStepCheckout_Model_Sales_Quote->collectTotals()
#13 E:\Work\www\lc.devrack.lacrosseunlimited.com\app\code\core\Mage\Checkout\controllers\CartController.php(126): Mage_Checkout_Model_Cart->save()
#14 E:\Work\www\lc.devrack.lacrosseunlimited.com\app\code\core\Mage\Core\Controller\Varien\Action.php(419): Mage_Checkout_CartController->indexAction()
#15 E:\Work\www\lc.devrack.lacrosseunlimited.com\app\code\core\Mage\Core\Controller\Varien\Router\Standard.php(250): Mage_Core_Controller_Varien_Action->dispatch('index')
#16 E:\Work\www\lc.devrack.lacrosseunlimited.com\app\code\core\Mage\Core\Controller\Varien\Front.php(176): Mage_Core_Controller_Varien_Router_Standard->match(Object(Mage_Core_Controller_Request_Http))
#17 E:\Work\www\lc.devrack.lacrosseunlimited.com\app\code\core\Mage\Core\Model\App.php(354): Mage_Core_Controller_Varien_Front->dispatch()
#18 E:\Work\www\lc.devrack.lacrosseunlimited.com\app\Mage.php(686): Mage_Core_Model_App->run(Array)
#19 E:\Work\www\lc.devrack.lacrosseunlimited.com\index.php(88): Mage::run('', 'store')
#20 {main}
