2013-11-01T08:35:12+00:00 ERR (3): Warning: include(E:\Work\www\lc.devrack.lacrosseunlimited.com\app\code\local\Magestore\Magenotification\Helper\Data.php) [<a href='function.include'>function.include</a>]: failed to open stream: Permission denied  in E:\Work\www\lc.devrack.lacrosseunlimited.com\lib\Varien\Autoload.php on line 93
2013-11-01T08:35:12+00:00 ERR (3): Warning: include(E:\Work\www\lc.devrack.lacrosseunlimited.com\app\code\local\Magestore\Magenotification\Helper\Data.php) [<a href='function.include'>function.include</a>]: failed to open stream: Permission denied  in E:\Work\www\lc.devrack.lacrosseunlimited.com\lib\Varien\Autoload.php on line 93
2013-11-01T08:35:12+00:00 ERR (3): Warning: include() [<a href='function.include'>function.include</a>]: Failed opening 'Magestore\Magenotification\Helper\Data.php' for inclusion (include_path='E:\Work\www\lc.devrack.lacrosseunlimited.com\app\code\local;E:\Work\www\lc.devrack.lacrosseunlimited.com\app\code\community;E:\Work\www\lc.devrack.lacrosseunlimited.com\app\code\core;E:\Work\www\lc.devrack.lacrosseunlimited.com\lib;.;C:\xampp\php\PEAR')  in E:\Work\www\lc.devrack.lacrosseunlimited.com\lib\Varien\Autoload.php on line 93
2013-11-01T08:36:53+00:00 ERR (3): Notice: Undefined index: status  in E:\Work\www\lc.devrack.lacrosseunlimited.com\app\code\local\Magestore\Storelocator\controllers\Adminhtml\ImportController.php on line 64
2013-11-01T08:37:16+00:00 ERR (3): Notice: Undefined index: name  in E:\Work\www\lc.devrack.lacrosseunlimited.com\app\code\local\MST\Menupro\Helper\Data.php on line 112
2013-11-01T08:37:16+00:00 ERR (3): Notice: Undefined index: name  in E:\Work\www\lc.devrack.lacrosseunlimited.com\app\code\local\MST\Menupro\Helper\Data.php on line 112
2013-11-01T08:37:16+00:00 DEBUG (7): Failed to load template:E:\Work\www\lc.devrack.lacrosseunlimited.com\app\design\frontend\lacrosse\default\template\storelocator/storelocator.phtml
2013-11-01T08:37:16+00:00 DEBUG (7): Failed to load template:E:\Work\www\lc.devrack.lacrosseunlimited.com\app\design\frontend\lacrosse\default\template\page/1column.phtml
2013-11-01T08:37:53+00:00 ERR (3): Notice: Undefined index: name  in E:\Work\www\lc.devrack.lacrosseunlimited.com\app\code\local\MST\Menupro\Helper\Data.php on line 112
2013-11-01T08:37:53+00:00 ERR (3): Notice: Undefined index: name  in E:\Work\www\lc.devrack.lacrosseunlimited.com\app\code\local\MST\Menupro\Helper\Data.php on line 112
2013-11-01T08:37:53+00:00 DEBUG (7): Failed to load template:E:\Work\www\lc.devrack.lacrosseunlimited.com\app\design\frontend\lacrosse\default\template\storelocator/storelocator.phtml
2013-11-01T08:37:53+00:00 DEBUG (7): Failed to load template:E:\Work\www\lc.devrack.lacrosseunlimited.com\app\design\frontend\lacrosse\default\template\page/1column.phtml
2013-11-01T08:38:23+00:00 ERR (3): Notice: Undefined index: name  in E:\Work\www\lc.devrack.lacrosseunlimited.com\app\code\local\MST\Menupro\Helper\Data.php on line 112
2013-11-01T08:38:23+00:00 ERR (3): Notice: Undefined index: name  in E:\Work\www\lc.devrack.lacrosseunlimited.com\app\code\local\MST\Menupro\Helper\Data.php on line 112
2013-11-01T08:38:23+00:00 DEBUG (7): Failed to load template:E:\Work\www\lc.devrack.lacrosseunlimited.com\app\design\frontend\lacrosse\default\template\storelocator/storelocator.phtml
2013-11-01T08:38:23+00:00 DEBUG (7): Failed to load template:E:\Work\www\lc.devrack.lacrosseunlimited.com\app\design\frontend\lacrosse\default\template\page/1column.phtml
2013-11-01T08:39:09+00:00 ERR (3): Notice: Undefined index: name  in E:\Work\www\lc.devrack.lacrosseunlimited.com\app\code\local\MST\Menupro\Helper\Data.php on line 112
2013-11-01T08:39:09+00:00 ERR (3): Notice: Undefined index: name  in E:\Work\www\lc.devrack.lacrosseunlimited.com\app\code\local\MST\Menupro\Helper\Data.php on line 112
2013-11-01T08:39:45+00:00 ERR (3): Notice: Undefined index: name  in E:\Work\www\lc.devrack.lacrosseunlimited.com\app\code\local\MST\Menupro\Helper\Data.php on line 112
2013-11-01T08:39:45+00:00 ERR (3): Notice: Undefined index: name  in E:\Work\www\lc.devrack.lacrosseunlimited.com\app\code\local\MST\Menupro\Helper\Data.php on line 112
2013-11-01T08:41:22+00:00 ERR (3): Notice: Undefined index: name  in E:\Work\www\lc.devrack.lacrosseunlimited.com\app\code\local\MST\Menupro\Helper\Data.php on line 112
2013-11-01T08:41:22+00:00 ERR (3): Notice: Undefined index: name  in E:\Work\www\lc.devrack.lacrosseunlimited.com\app\code\local\MST\Menupro\Helper\Data.php on line 112
2013-11-01T08:41:48+00:00 ERR (3): Notice: Undefined index: name  in E:\Work\www\lc.devrack.lacrosseunlimited.com\app\code\local\MST\Menupro\Helper\Data.php on line 112
2013-11-01T08:41:48+00:00 ERR (3): Notice: Undefined index: name  in E:\Work\www\lc.devrack.lacrosseunlimited.com\app\code\local\MST\Menupro\Helper\Data.php on line 112
2013-11-01T08:42:06+00:00 ERR (3): Notice: Undefined index: name  in E:\Work\www\lc.devrack.lacrosseunlimited.com\app\code\local\MST\Menupro\Helper\Data.php on line 112
2013-11-01T08:42:06+00:00 ERR (3): Notice: Undefined index: name  in E:\Work\www\lc.devrack.lacrosseunlimited.com\app\code\local\MST\Menupro\Helper\Data.php on line 112
2013-11-01T08:44:15+00:00 ERR (3): Notice: Undefined index: name  in E:\Work\www\lc.devrack.lacrosseunlimited.com\app\code\local\MST\Menupro\Helper\Data.php on line 112
2013-11-01T08:44:15+00:00 ERR (3): Notice: Undefined index: name  in E:\Work\www\lc.devrack.lacrosseunlimited.com\app\code\local\MST\Menupro\Helper\Data.php on line 112
2013-11-01T08:45:08+00:00 ERR (3): Notice: Undefined index: name  in E:\Work\www\lc.devrack.lacrosseunlimited.com\app\code\local\MST\Menupro\Helper\Data.php on line 112
2013-11-01T08:45:08+00:00 ERR (3): Notice: Undefined index: name  in E:\Work\www\lc.devrack.lacrosseunlimited.com\app\code\local\MST\Menupro\Helper\Data.php on line 112
2013-11-01T08:46:17+00:00 ERR (3): Notice: Undefined index: name  in E:\Work\www\lc.devrack.lacrosseunlimited.com\app\code\local\MST\Menupro\Helper\Data.php on line 112
2013-11-01T08:46:17+00:00 ERR (3): Notice: Undefined index: name  in E:\Work\www\lc.devrack.lacrosseunlimited.com\app\code\local\MST\Menupro\Helper\Data.php on line 112
2013-11-01T08:46:49+00:00 ERR (3): Notice: Undefined index: name  in E:\Work\www\lc.devrack.lacrosseunlimited.com\app\code\local\MST\Menupro\Helper\Data.php on line 112
2013-11-01T08:46:49+00:00 ERR (3): Notice: Undefined index: name  in E:\Work\www\lc.devrack.lacrosseunlimited.com\app\code\local\MST\Menupro\Helper\Data.php on line 112
2013-11-01T08:48:49+00:00 ERR (3): Notice: Undefined index: status  in E:\Work\www\lc.devrack.lacrosseunlimited.com\app\code\local\Magestore\Storelocator\controllers\Adminhtml\ImportController.php on line 64
2013-11-01T08:49:08+00:00 ERR (3): Notice: Undefined index: name  in E:\Work\www\lc.devrack.lacrosseunlimited.com\app\code\local\MST\Menupro\Helper\Data.php on line 112
2013-11-01T08:49:08+00:00 ERR (3): Notice: Undefined index: name  in E:\Work\www\lc.devrack.lacrosseunlimited.com\app\code\local\MST\Menupro\Helper\Data.php on line 112
2013-11-01T08:50:53+00:00 ERR (3): Notice: Undefined index: name  in E:\Work\www\lc.devrack.lacrosseunlimited.com\app\code\local\MST\Menupro\Helper\Data.php on line 112
2013-11-01T08:50:53+00:00 ERR (3): Notice: Undefined index: name  in E:\Work\www\lc.devrack.lacrosseunlimited.com\app\code\local\MST\Menupro\Helper\Data.php on line 112
2013-11-01T08:51:01+00:00 ERR (3): Notice: Undefined index: name  in E:\Work\www\lc.devrack.lacrosseunlimited.com\app\code\local\MST\Menupro\Helper\Data.php on line 112
2013-11-01T08:51:01+00:00 ERR (3): Notice: Undefined index: name  in E:\Work\www\lc.devrack.lacrosseunlimited.com\app\code\local\MST\Menupro\Helper\Data.php on line 112
2013-11-01T08:51:22+00:00 ERR (3): Notice: Undefined index: name  in E:\Work\www\lc.devrack.lacrosseunlimited.com\app\code\local\MST\Menupro\Helper\Data.php on line 112
2013-11-01T08:51:22+00:00 ERR (3): Notice: Undefined index: name  in E:\Work\www\lc.devrack.lacrosseunlimited.com\app\code\local\MST\Menupro\Helper\Data.php on line 112
2013-11-01T08:51:35+00:00 ERR (3): Notice: Undefined index: name  in E:\Work\www\lc.devrack.lacrosseunlimited.com\app\code\local\MST\Menupro\Helper\Data.php on line 112
2013-11-01T08:51:35+00:00 ERR (3): Notice: Undefined index: name  in E:\Work\www\lc.devrack.lacrosseunlimited.com\app\code\local\MST\Menupro\Helper\Data.php on line 112
2013-11-01T08:51:58+00:00 ERR (3): Notice: Undefined index: name  in E:\Work\www\lc.devrack.lacrosseunlimited.com\app\code\local\MST\Menupro\Helper\Data.php on line 112
2013-11-01T08:51:58+00:00 ERR (3): Notice: Undefined index: name  in E:\Work\www\lc.devrack.lacrosseunlimited.com\app\code\local\MST\Menupro\Helper\Data.php on line 112
2013-11-01T08:52:49+00:00 ERR (3): Notice: Undefined index: name  in E:\Work\www\lc.devrack.lacrosseunlimited.com\app\code\local\MST\Menupro\Helper\Data.php on line 112
2013-11-01T08:52:49+00:00 ERR (3): Notice: Undefined index: name  in E:\Work\www\lc.devrack.lacrosseunlimited.com\app\code\local\MST\Menupro\Helper\Data.php on line 112
2013-11-01T08:52:49+00:00 DEBUG (7): Failed to load template:E:\Work\www\lc.devrack.lacrosseunlimited.com\app\design\frontend\lacrosse\default\template\storelocator/storelocator.phtml
2013-11-01T08:52:49+00:00 DEBUG (7): Failed to load template:E:\Work\www\lc.devrack.lacrosseunlimited.com\app\design\frontend\lacrosse\default\template\page/1column.phtml
2013-11-01T08:53:15+00:00 ERR (3): Notice: Undefined index: name  in E:\Work\www\lc.devrack.lacrosseunlimited.com\app\code\local\MST\Menupro\Helper\Data.php on line 112
2013-11-01T08:53:15+00:00 ERR (3): Notice: Undefined index: name  in E:\Work\www\lc.devrack.lacrosseunlimited.com\app\code\local\MST\Menupro\Helper\Data.php on line 112
2013-11-01T08:53:15+00:00 ERR (3): Notice: Undefined variable: country_id  in E:\Work\www\lc.devrack.lacrosseunlimited.com\app\code\local\Magestore\Storelocator\Block\Storelocator.php on line 64
2013-11-01T08:53:15+00:00 DEBUG (7): Failed to load template:E:\Work\www\lc.devrack.lacrosseunlimited.com\app\design\frontend\lacrosse\default\template\storelocator/storelocator.phtml
2013-11-01T08:53:15+00:00 DEBUG (7): Failed to load template:E:\Work\www\lc.devrack.lacrosseunlimited.com\app\design\frontend\lacrosse\default\template\page/1column.phtml
2013-11-01T08:53:37+00:00 ERR (3): Notice: Undefined index: name  in E:\Work\www\lc.devrack.lacrosseunlimited.com\app\code\local\MST\Menupro\Helper\Data.php on line 112
2013-11-01T08:53:37+00:00 ERR (3): Notice: Undefined index: name  in E:\Work\www\lc.devrack.lacrosseunlimited.com\app\code\local\MST\Menupro\Helper\Data.php on line 112
2013-11-01T08:53:37+00:00 ERR (3): Notice: Undefined variable: country_id  in E:\Work\www\lc.devrack.lacrosseunlimited.com\app\code\local\Magestore\Storelocator\Block\Storelocator.php on line 64
2013-11-01T08:53:37+00:00 DEBUG (7): Failed to load template:E:\Work\www\lc.devrack.lacrosseunlimited.com\app\design\frontend\lacrosse\default\template\storelocator/storelocator.phtml
2013-11-01T08:53:37+00:00 DEBUG (7): Failed to load template:E:\Work\www\lc.devrack.lacrosseunlimited.com\app\design\frontend\lacrosse\default\template\page/1column.phtml
2013-11-01T08:53:53+00:00 ERR (3): Notice: Undefined index: name  in E:\Work\www\lc.devrack.lacrosseunlimited.com\app\code\local\MST\Menupro\Helper\Data.php on line 112
2013-11-01T08:53:53+00:00 ERR (3): Notice: Undefined index: name  in E:\Work\www\lc.devrack.lacrosseunlimited.com\app\code\local\MST\Menupro\Helper\Data.php on line 112
2013-11-01T08:54:41+00:00 ERR (3): Notice: Undefined index: name  in E:\Work\www\lc.devrack.lacrosseunlimited.com\app\code\local\MST\Menupro\Helper\Data.php on line 112
2013-11-01T08:54:41+00:00 ERR (3): Notice: Undefined index: name  in E:\Work\www\lc.devrack.lacrosseunlimited.com\app\code\local\MST\Menupro\Helper\Data.php on line 112
2013-11-01T08:55:06+00:00 ERR (3): Notice: Undefined index: name  in E:\Work\www\lc.devrack.lacrosseunlimited.com\app\code\local\MST\Menupro\Helper\Data.php on line 112
2013-11-01T08:55:06+00:00 ERR (3): Notice: Undefined index: name  in E:\Work\www\lc.devrack.lacrosseunlimited.com\app\code\local\MST\Menupro\Helper\Data.php on line 112
2013-11-01T08:58:22+00:00 ERR (3): Notice: Undefined index: name  in E:\Work\www\lc.devrack.lacrosseunlimited.com\app\code\local\MST\Menupro\Helper\Data.php on line 112
2013-11-01T08:58:22+00:00 ERR (3): Notice: Undefined index: name  in E:\Work\www\lc.devrack.lacrosseunlimited.com\app\code\local\MST\Menupro\Helper\Data.php on line 112
2013-11-01T08:59:45+00:00 ERR (3): Notice: Undefined index: name  in E:\Work\www\lc.devrack.lacrosseunlimited.com\app\code\local\MST\Menupro\Helper\Data.php on line 112
2013-11-01T08:59:45+00:00 ERR (3): Notice: Undefined index: name  in E:\Work\www\lc.devrack.lacrosseunlimited.com\app\code\local\MST\Menupro\Helper\Data.php on line 112
2013-11-01T08:59:52+00:00 ERR (3): Notice: Undefined index: name  in E:\Work\www\lc.devrack.lacrosseunlimited.com\app\code\local\MST\Menupro\Helper\Data.php on line 112
2013-11-01T08:59:52+00:00 ERR (3): Notice: Undefined index: name  in E:\Work\www\lc.devrack.lacrosseunlimited.com\app\code\local\MST\Menupro\Helper\Data.php on line 112
2013-11-01T08:59:59+00:00 ERR (3): Notice: Undefined index: name  in E:\Work\www\lc.devrack.lacrosseunlimited.com\app\code\local\MST\Menupro\Helper\Data.php on line 112
2013-11-01T08:59:59+00:00 ERR (3): Notice: Undefined index: name  in E:\Work\www\lc.devrack.lacrosseunlimited.com\app\code\local\MST\Menupro\Helper\Data.php on line 112
2013-11-01T09:00:41+00:00 ERR (3): Notice: Undefined index: name  in E:\Work\www\lc.devrack.lacrosseunlimited.com\app\code\local\MST\Menupro\Helper\Data.php on line 112
2013-11-01T09:00:41+00:00 ERR (3): Notice: Undefined index: name  in E:\Work\www\lc.devrack.lacrosseunlimited.com\app\code\local\MST\Menupro\Helper\Data.php on line 112
2013-11-01T09:00:47+00:00 ERR (3): Notice: Undefined index: name  in E:\Work\www\lc.devrack.lacrosseunlimited.com\app\code\local\MST\Menupro\Helper\Data.php on line 112
2013-11-01T09:00:47+00:00 ERR (3): Notice: Undefined index: name  in E:\Work\www\lc.devrack.lacrosseunlimited.com\app\code\local\MST\Menupro\Helper\Data.php on line 112
2013-11-01T09:00:47+00:00 DEBUG (7): Failed to load template:E:\Work\www\lc.devrack.lacrosseunlimited.com\app\design\frontend\lacrosse\default\template\storelocator/storelocator.phtml
2013-11-01T09:00:47+00:00 DEBUG (7): Failed to load template:E:\Work\www\lc.devrack.lacrosseunlimited.com\app\design\frontend\lacrosse\default\template\page/1column.phtml
2013-11-01T09:01:02+00:00 ERR (3): Notice: Undefined index: name  in E:\Work\www\lc.devrack.lacrosseunlimited.com\app\code\local\MST\Menupro\Helper\Data.php on line 112
2013-11-01T09:01:02+00:00 ERR (3): Notice: Undefined index: name  in E:\Work\www\lc.devrack.lacrosseunlimited.com\app\code\local\MST\Menupro\Helper\Data.php on line 112
2013-11-01T09:01:50+00:00 ERR (3): Notice: Undefined index: name  in E:\Work\www\lc.devrack.lacrosseunlimited.com\app\code\local\MST\Menupro\Helper\Data.php on line 112
2013-11-01T09:01:50+00:00 ERR (3): Notice: Undefined index: name  in E:\Work\www\lc.devrack.lacrosseunlimited.com\app\code\local\MST\Menupro\Helper\Data.php on line 112
2013-11-01T09:02:12+00:00 ERR (3): Notice: Undefined index: name  in E:\Work\www\lc.devrack.lacrosseunlimited.com\app\code\local\MST\Menupro\Helper\Data.php on line 112
2013-11-01T09:02:12+00:00 ERR (3): Notice: Undefined index: name  in E:\Work\www\lc.devrack.lacrosseunlimited.com\app\code\local\MST\Menupro\Helper\Data.php on line 112
2013-11-01T09:02:18+00:00 ERR (3): Notice: Undefined index: name  in E:\Work\www\lc.devrack.lacrosseunlimited.com\app\code\local\MST\Menupro\Helper\Data.php on line 112
2013-11-01T09:02:18+00:00 ERR (3): Notice: Undefined index: name  in E:\Work\www\lc.devrack.lacrosseunlimited.com\app\code\local\MST\Menupro\Helper\Data.php on line 112
2013-11-01T09:02:29+00:00 ERR (3): Notice: Undefined index: name  in E:\Work\www\lc.devrack.lacrosseunlimited.com\app\code\local\MST\Menupro\Helper\Data.php on line 112
2013-11-01T09:02:29+00:00 ERR (3): Notice: Undefined index: name  in E:\Work\www\lc.devrack.lacrosseunlimited.com\app\code\local\MST\Menupro\Helper\Data.php on line 112
2013-11-01T09:03:01+00:00 ERR (3): Notice: Undefined index: name  in E:\Work\www\lc.devrack.lacrosseunlimited.com\app\code\local\MST\Menupro\Helper\Data.php on line 112
2013-11-01T09:03:01+00:00 ERR (3): Notice: Undefined index: name  in E:\Work\www\lc.devrack.lacrosseunlimited.com\app\code\local\MST\Menupro\Helper\Data.php on line 112
2013-11-01T14:36:18+00:00 ERR (3): Notice: Undefined index: name  in E:\Work\www\lc.devrack.lacrosseunlimited.com\app\code\local\MST\Menupro\Helper\Data.php on line 112
2013-11-01T14:36:18+00:00 ERR (3): Notice: Undefined index: name  in E:\Work\www\lc.devrack.lacrosseunlimited.com\app\code\local\MST\Menupro\Helper\Data.php on line 112
2013-11-01T14:37:55+00:00 ERR (3): Notice: Undefined index: name  in E:\Work\www\lc.devrack.lacrosseunlimited.com\app\code\local\MST\Menupro\Helper\Data.php on line 112
2013-11-01T14:37:55+00:00 ERR (3): Notice: Undefined index: name  in E:\Work\www\lc.devrack.lacrosseunlimited.com\app\code\local\MST\Menupro\Helper\Data.php on line 112
2013-11-01T14:38:00+00:00 ERR (3): Notice: Undefined index: name  in E:\Work\www\lc.devrack.lacrosseunlimited.com\app\code\local\MST\Menupro\Helper\Data.php on line 112
2013-11-01T14:38:00+00:00 ERR (3): Notice: Undefined index: name  in E:\Work\www\lc.devrack.lacrosseunlimited.com\app\code\local\MST\Menupro\Helper\Data.php on line 112
2013-11-01T14:39:28+00:00 ERR (3): Notice: Undefined index: name  in E:\Work\www\lc.devrack.lacrosseunlimited.com\app\code\local\MST\Menupro\Helper\Data.php on line 112
2013-11-01T14:39:28+00:00 ERR (3): Notice: Undefined index: name  in E:\Work\www\lc.devrack.lacrosseunlimited.com\app\code\local\MST\Menupro\Helper\Data.php on line 112
2013-11-01T14:39:41+00:00 ERR (3): Notice: Undefined index: name  in E:\Work\www\lc.devrack.lacrosseunlimited.com\app\code\local\MST\Menupro\Helper\Data.php on line 112
2013-11-01T14:39:41+00:00 ERR (3): Notice: Undefined index: name  in E:\Work\www\lc.devrack.lacrosseunlimited.com\app\code\local\MST\Menupro\Helper\Data.php on line 112
2013-11-01T14:39:41+00:00 ERR (3): Notice: Undefined index: zip_code  in E:\Work\www\lc.devrack.lacrosseunlimited.com\app\design\frontend\lacrosse\default\template\gmapstrlocator\gmapstrlocator.phtml on line 5
2013-11-01T14:39:41+00:00 ERR (3): Notice: Undefined variable: States  in E:\Work\www\lc.devrack.lacrosseunlimited.com\app\design\frontend\lacrosse\default\template\gmapstrlocator\gmapstrlocator.phtml on line 163
2013-11-01T14:39:41+00:00 ERR (3): Warning: Invalid argument supplied for foreach()  in E:\Work\www\lc.devrack.lacrosseunlimited.com\app\design\frontend\lacrosse\default\template\gmapstrlocator\gmapstrlocator.phtml on line 163
2013-11-01T14:39:41+00:00 ERR (3): Notice: Undefined variable: States  in E:\Work\www\lc.devrack.lacrosseunlimited.com\app\design\frontend\lacrosse\default\template\gmapstrlocator\gmapstrlocator.phtml on line 268
2013-11-01T14:39:44+00:00 ERR (3): Notice: Undefined index: name  in E:\Work\www\lc.devrack.lacrosseunlimited.com\app\code\local\MST\Menupro\Helper\Data.php on line 112
2013-11-01T14:39:44+00:00 ERR (3): Notice: Undefined index: name  in E:\Work\www\lc.devrack.lacrosseunlimited.com\app\code\local\MST\Menupro\Helper\Data.php on line 112
2013-11-01T14:39:56+00:00 ERR (3): Notice: Undefined index: name  in E:\Work\www\lc.devrack.lacrosseunlimited.com\app\code\local\MST\Menupro\Helper\Data.php on line 112
2013-11-01T14:39:56+00:00 ERR (3): Notice: Undefined index: name  in E:\Work\www\lc.devrack.lacrosseunlimited.com\app\code\local\MST\Menupro\Helper\Data.php on line 112
2013-11-01T14:41:36+00:00 ERR (3): Notice: Undefined index: name  in E:\Work\www\lc.devrack.lacrosseunlimited.com\app\code\local\MST\Menupro\Helper\Data.php on line 112
2013-11-01T14:41:36+00:00 ERR (3): Notice: Undefined index: name  in E:\Work\www\lc.devrack.lacrosseunlimited.com\app\code\local\MST\Menupro\Helper\Data.php on line 112
2013-11-01T14:41:36+00:00 ERR (3): Notice: Undefined index: zip_code  in E:\Work\www\lc.devrack.lacrosseunlimited.com\app\design\frontend\lacrosse\default\template\gmapstrlocator\gmapstrlocator.phtml on line 5
2013-11-01T14:41:36+00:00 ERR (3): Notice: Undefined variable: States  in E:\Work\www\lc.devrack.lacrosseunlimited.com\app\design\frontend\lacrosse\default\template\gmapstrlocator\gmapstrlocator.phtml on line 163
2013-11-01T14:41:36+00:00 ERR (3): Warning: Invalid argument supplied for foreach()  in E:\Work\www\lc.devrack.lacrosseunlimited.com\app\design\frontend\lacrosse\default\template\gmapstrlocator\gmapstrlocator.phtml on line 163
2013-11-01T14:41:36+00:00 ERR (3): Notice: Undefined variable: States  in E:\Work\www\lc.devrack.lacrosseunlimited.com\app\design\frontend\lacrosse\default\template\gmapstrlocator\gmapstrlocator.phtml on line 268
2013-11-01T14:43:01+00:00 ERR (3): Notice: Undefined index: name  in E:\Work\www\lc.devrack.lacrosseunlimited.com\app\code\local\MST\Menupro\Helper\Data.php on line 112
2013-11-01T14:43:01+00:00 ERR (3): Notice: Undefined index: name  in E:\Work\www\lc.devrack.lacrosseunlimited.com\app\code\local\MST\Menupro\Helper\Data.php on line 112
2013-11-06T07:19:44+00:00 ERR (3): Notice: Undefined index: name  in E:\Work\www\lc.devrack.lacrosseunlimited.com\app\code\local\MST\Menupro\Helper\Data.php on line 112
2013-11-06T07:19:44+00:00 ERR (3): Notice: Undefined index: name  in E:\Work\www\lc.devrack.lacrosseunlimited.com\app\code\local\MST\Menupro\Helper\Data.php on line 112
2013-12-10T02:02:03+00:00 ERR (3): Notice: Undefined index: name  in E:\Work\www\lc.devrack.lacrosseunlimited.com\app\code\local\MST\Menupro\Helper\Data.php on line 112
2013-12-10T02:02:03+00:00 ERR (3): Notice: Undefined index: name  in E:\Work\www\lc.devrack.lacrosseunlimited.com\app\code\local\MST\Menupro\Helper\Data.php on line 112
2014-01-13T14:28:55+00:00 ERR (3): Notice: Undefined index: name  in E:\Work\www\lc.devrack.lacrosseunlimited.com\app\code\local\MST\Menupro\Helper\Data.php on line 112
2014-01-13T14:28:55+00:00 ERR (3): Notice: Undefined index: name  in E:\Work\www\lc.devrack.lacrosseunlimited.com\app\code\local\MST\Menupro\Helper\Data.php on line 112
2014-01-13T14:41:48+00:00 ERR (3): Notice: Undefined index: name  in E:\Work\www\lc.devrack.lacrosseunlimited.com\app\code\local\MST\Menupro\Helper\Data.php on line 112
2014-01-13T14:41:48+00:00 ERR (3): Notice: Undefined index: name  in E:\Work\www\lc.devrack.lacrosseunlimited.com\app\code\local\MST\Menupro\Helper\Data.php on line 112
2014-01-13T14:42:26+00:00 ERR (3): Notice: Undefined index: name  in E:\Work\www\lc.devrack.lacrosseunlimited.com\app\code\local\MST\Menupro\Helper\Data.php on line 112
2014-01-13T14:42:26+00:00 ERR (3): Notice: Undefined index: name  in E:\Work\www\lc.devrack.lacrosseunlimited.com\app\code\local\MST\Menupro\Helper\Data.php on line 112
2014-01-13T14:49:48+00:00 ERR (3): Notice: Undefined index: access_token  in E:\Work\www\lc.devrack.lacrosseunlimited.com\app\code\community\Belvg\Easyauth\controllers\UserController.php on line 160
2014-01-13T14:50:11+00:00 ERR (3): Notice: Trying to get property of non-object  in E:\Work\www\lc.devrack.lacrosseunlimited.com\app\code\community\Belvg\Easyauth\controllers\UserController.php on line 167
2014-01-13T14:50:13+00:00 ERR (3): Warning: array_key_exists() expects parameter 2 to be array, null given  in E:\Work\www\lc.devrack.lacrosseunlimited.com\app\code\core\Mage\Captcha\Model\Observer.php on line 166
2014-01-13T14:50:34+00:00 ERR (3): Notice: Undefined index: oauth_token  in E:\Work\www\lc.devrack.lacrosseunlimited.com\lib\twitteroauth\twitteroauth.php on line 82
2014-01-13T14:50:34+00:00 ERR (3): Notice: Undefined index: oauth_token_secret  in E:\Work\www\lc.devrack.lacrosseunlimited.com\lib\twitteroauth\twitteroauth.php on line 82
2014-01-13T14:50:34+00:00 ERR (3): Notice: Undefined index: oauth_token  in E:\Work\www\lc.devrack.lacrosseunlimited.com\app\code\community\Belvg\Easyauth\controllers\UserController.php on line 189
2014-01-13T14:50:34+00:00 ERR (3): Notice: Undefined index: oauth_token_secret  in E:\Work\www\lc.devrack.lacrosseunlimited.com\app\code\community\Belvg\Easyauth\controllers\UserController.php on line 190
2014-01-13T15:13:01+00:00 ERR (3): Notice: Undefined index: access_token  in E:\Work\www\lc.devrack.lacrosseunlimited.com\app\code\community\Belvg\Easyauth\controllers\UserController.php on line 160
2014-01-13T15:13:22+00:00 ERR (3): Notice: Trying to get property of non-object  in E:\Work\www\lc.devrack.lacrosseunlimited.com\app\code\community\Belvg\Easyauth\controllers\UserController.php on line 167
2014-01-21T15:47:30+00:00 ERR (3): Notice: Undefined index: name  in E:\Work\www\lc.devrack.lacrosseunlimited.com\app\code\local\MST\Menupro\Helper\Data.php on line 112
2014-01-21T15:47:30+00:00 ERR (3): Notice: Undefined index: name  in E:\Work\www\lc.devrack.lacrosseunlimited.com\app\code\local\MST\Menupro\Helper\Data.php on line 112
2014-01-21T15:47:55+00:00 ERR (3): Notice: Undefined index: name  in E:\Work\www\lc.devrack.lacrosseunlimited.com\app\code\local\MST\Menupro\Helper\Data.php on line 112
2014-01-21T15:47:55+00:00 ERR (3): Notice: Undefined index: name  in E:\Work\www\lc.devrack.lacrosseunlimited.com\app\code\local\MST\Menupro\Helper\Data.php on line 112
2014-01-21T15:48:16+00:00 ERR (3): Notice: Undefined index: name  in E:\Work\www\lc.devrack.lacrosseunlimited.com\app\code\local\MST\Menupro\Helper\Data.php on line 112
2014-01-21T15:48:16+00:00 ERR (3): Notice: Undefined index: name  in E:\Work\www\lc.devrack.lacrosseunlimited.com\app\code\local\MST\Menupro\Helper\Data.php on line 112
2014-01-21T15:48:25+00:00 ERR (3): Warning: Missing argument 1 for Mage_Core_Model_Abstract::load(), called in E:\Work\www\lc.devrack.lacrosseunlimited.com\app\code\community\SMDesign\ColorswatchProductView\controllers\GetController.php on line 163 and defined  in E:\Work\www\lc.devrack.lacrosseunlimited.com\app\code\core\Mage\Core\Model\Abstract.php on line 222
2014-01-21T15:48:25+00:00 ERR (3): Notice: Undefined variable: id  in E:\Work\www\lc.devrack.lacrosseunlimited.com\app\code\core\Mage\Core\Model\Abstract.php on line 224
2014-01-21T15:48:25+00:00 ERR (3): Notice: Undefined variable: id  in E:\Work\www\lc.devrack.lacrosseunlimited.com\app\code\core\Mage\Core\Model\Abstract.php on line 225
2014-01-21T15:48:26+00:00 ERR (3): Warning: Missing argument 1 for Mage_Core_Model_Abstract::load(), called in E:\Work\www\lc.devrack.lacrosseunlimited.com\app\code\community\SMDesign\ColorswatchProductView\controllers\GetController.php on line 163 and defined  in E:\Work\www\lc.devrack.lacrosseunlimited.com\app\code\core\Mage\Core\Model\Abstract.php on line 222
2014-01-21T15:48:26+00:00 ERR (3): Notice: Undefined variable: id  in E:\Work\www\lc.devrack.lacrosseunlimited.com\app\code\core\Mage\Core\Model\Abstract.php on line 224
2014-01-21T15:48:26+00:00 ERR (3): Notice: Undefined variable: id  in E:\Work\www\lc.devrack.lacrosseunlimited.com\app\code\core\Mage\Core\Model\Abstract.php on line 225
2014-01-21T15:48:26+00:00 ERR (3): Warning: Missing argument 1 for Mage_Core_Model_Abstract::load(), called in E:\Work\www\lc.devrack.lacrosseunlimited.com\app\code\community\SMDesign\ColorswatchProductView\controllers\GetController.php on line 163 and defined  in E:\Work\www\lc.devrack.lacrosseunlimited.com\app\code\core\Mage\Core\Model\Abstract.php on line 222
2014-01-21T15:48:26+00:00 ERR (3): Notice: Undefined variable: id  in E:\Work\www\lc.devrack.lacrosseunlimited.com\app\code\core\Mage\Core\Model\Abstract.php on line 224
2014-01-21T15:48:26+00:00 ERR (3): Notice: Undefined variable: id  in E:\Work\www\lc.devrack.lacrosseunlimited.com\app\code\core\Mage\Core\Model\Abstract.php on line 225
2014-01-21T15:48:26+00:00 ERR (3): Warning: Missing argument 1 for Mage_Core_Model_Abstract::load(), called in E:\Work\www\lc.devrack.lacrosseunlimited.com\app\code\community\SMDesign\ColorswatchProductView\controllers\GetController.php on line 163 and defined  in E:\Work\www\lc.devrack.lacrosseunlimited.com\app\code\core\Mage\Core\Model\Abstract.php on line 222
2014-01-21T15:48:26+00:00 ERR (3): Notice: Undefined variable: id  in E:\Work\www\lc.devrack.lacrosseunlimited.com\app\code\core\Mage\Core\Model\Abstract.php on line 224
2014-01-21T15:48:26+00:00 ERR (3): Notice: Undefined variable: id  in E:\Work\www\lc.devrack.lacrosseunlimited.com\app\code\core\Mage\Core\Model\Abstract.php on line 225
2014-01-21T15:48:26+00:00 ERR (3): Warning: Missing argument 1 for Mage_Core_Model_Abstract::load(), called in E:\Work\www\lc.devrack.lacrosseunlimited.com\app\code\community\SMDesign\ColorswatchProductView\controllers\GetController.php on line 163 and defined  in E:\Work\www\lc.devrack.lacrosseunlimited.com\app\code\core\Mage\Core\Model\Abstract.php on line 222
2014-01-21T15:48:26+00:00 ERR (3): Notice: Undefined variable: id  in E:\Work\www\lc.devrack.lacrosseunlimited.com\app\code\core\Mage\Core\Model\Abstract.php on line 224
2014-01-21T15:48:26+00:00 ERR (3): Notice: Undefined variable: id  in E:\Work\www\lc.devrack.lacrosseunlimited.com\app\code\core\Mage\Core\Model\Abstract.php on line 225
2014-01-21T15:48:27+00:00 ERR (3): Warning: Missing argument 1 for Mage_Core_Model_Abstract::load(), called in E:\Work\www\lc.devrack.lacrosseunlimited.com\app\code\community\SMDesign\ColorswatchProductView\controllers\GetController.php on line 163 and defined  in E:\Work\www\lc.devrack.lacrosseunlimited.com\app\code\core\Mage\Core\Model\Abstract.php on line 222
2014-01-21T15:48:27+00:00 ERR (3): Notice: Undefined variable: id  in E:\Work\www\lc.devrack.lacrosseunlimited.com\app\code\core\Mage\Core\Model\Abstract.php on line 224
2014-01-21T15:48:27+00:00 ERR (3): Notice: Undefined variable: id  in E:\Work\www\lc.devrack.lacrosseunlimited.com\app\code\core\Mage\Core\Model\Abstract.php on line 225
2014-01-21T15:48:27+00:00 ERR (3): Warning: Missing argument 1 for Mage_Core_Model_Abstract::load(), called in E:\Work\www\lc.devrack.lacrosseunlimited.com\app\code\community\SMDesign\ColorswatchProductView\controllers\GetController.php on line 163 and defined  in E:\Work\www\lc.devrack.lacrosseunlimited.com\app\code\core\Mage\Core\Model\Abstract.php on line 222
2014-01-21T15:48:27+00:00 ERR (3): Notice: Undefined variable: id  in E:\Work\www\lc.devrack.lacrosseunlimited.com\app\code\core\Mage\Core\Model\Abstract.php on line 224
2014-01-21T15:48:27+00:00 ERR (3): Notice: Undefined variable: id  in E:\Work\www\lc.devrack.lacrosseunlimited.com\app\code\core\Mage\Core\Model\Abstract.php on line 225
2014-01-21T15:48:27+00:00 ERR (3): Warning: Missing argument 1 for Mage_Core_Model_Abstract::load(), called in E:\Work\www\lc.devrack.lacrosseunlimited.com\app\code\community\SMDesign\ColorswatchProductView\controllers\GetController.php on line 163 and defined  in E:\Work\www\lc.devrack.lacrosseunlimited.com\app\code\core\Mage\Core\Model\Abstract.php on line 222
2014-01-21T15:48:27+00:00 ERR (3): Notice: Undefined variable: id  in E:\Work\www\lc.devrack.lacrosseunlimited.com\app\code\core\Mage\Core\Model\Abstract.php on line 224
2014-01-21T15:48:27+00:00 ERR (3): Notice: Undefined variable: id  in E:\Work\www\lc.devrack.lacrosseunlimited.com\app\code\core\Mage\Core\Model\Abstract.php on line 225
2014-01-21T15:48:27+00:00 ERR (3): Warning: Missing argument 1 for Mage_Core_Model_Abstract::load(), called in E:\Work\www\lc.devrack.lacrosseunlimited.com\app\code\community\SMDesign\ColorswatchProductView\controllers\GetController.php on line 163 and defined  in E:\Work\www\lc.devrack.lacrosseunlimited.com\app\code\core\Mage\Core\Model\Abstract.php on line 222
2014-01-21T15:48:27+00:00 ERR (3): Notice: Undefined variable: id  in E:\Work\www\lc.devrack.lacrosseunlimited.com\app\code\core\Mage\Core\Model\Abstract.php on line 224
2014-01-21T15:48:27+00:00 ERR (3): Notice: Undefined variable: id  in E:\Work\www\lc.devrack.lacrosseunlimited.com\app\code\core\Mage\Core\Model\Abstract.php on line 225
2014-01-21T15:48:27+00:00 ERR (3): Warning: Missing argument 1 for Mage_Core_Model_Abstract::load(), called in E:\Work\www\lc.devrack.lacrosseunlimited.com\app\code\community\SMDesign\ColorswatchProductView\controllers\GetController.php on line 163 and defined  in E:\Work\www\lc.devrack.lacrosseunlimited.com\app\code\core\Mage\Core\Model\Abstract.php on line 222
2014-01-21T15:48:27+00:00 ERR (3): Notice: Undefined variable: id  in E:\Work\www\lc.devrack.lacrosseunlimited.com\app\code\core\Mage\Core\Model\Abstract.php on line 224
2014-01-21T15:48:27+00:00 ERR (3): Notice: Undefined variable: id  in E:\Work\www\lc.devrack.lacrosseunlimited.com\app\code\core\Mage\Core\Model\Abstract.php on line 225
2014-01-21T15:48:36+00:00 ERR (3): Notice: Undefined index: name  in E:\Work\www\lc.devrack.lacrosseunlimited.com\app\code\local\MST\Menupro\Helper\Data.php on line 112
2014-01-21T15:48:36+00:00 ERR (3): Notice: Undefined index: name  in E:\Work\www\lc.devrack.lacrosseunlimited.com\app\code\local\MST\Menupro\Helper\Data.php on line 112
2014-01-21T15:48:46+00:00 ERR (3): Notice: Undefined index: name  in E:\Work\www\lc.devrack.lacrosseunlimited.com\app\code\local\MST\Menupro\Helper\Data.php on line 112
2014-01-21T15:48:46+00:00 ERR (3): Notice: Undefined index: name  in E:\Work\www\lc.devrack.lacrosseunlimited.com\app\code\local\MST\Menupro\Helper\Data.php on line 112
2014-01-21T15:49:40+00:00 ERR (3): Notice: Undefined index: name  in E:\Work\www\lc.devrack.lacrosseunlimited.com\app\code\local\MST\Menupro\Helper\Data.php on line 112
2014-01-21T15:49:40+00:00 ERR (3): Notice: Undefined index: name  in E:\Work\www\lc.devrack.lacrosseunlimited.com\app\code\local\MST\Menupro\Helper\Data.php on line 112
2014-01-21T15:49:42+00:00 ERR (3): Notice: Undefined index: name  in E:\Work\www\lc.devrack.lacrosseunlimited.com\app\code\local\MST\Menupro\Helper\Data.php on line 112
2014-01-21T15:49:42+00:00 ERR (3): Notice: Undefined index: name  in E:\Work\www\lc.devrack.lacrosseunlimited.com\app\code\local\MST\Menupro\Helper\Data.php on line 112
2014-01-21T15:50:04+00:00 ERR (3): Notice: Undefined variable: products  in E:\Work\www\lc.devrack.lacrosseunlimited.com\app\code\community\SMDesign\ColorswatchProductView\controllers\GetController.php on line 53
2014-01-21T15:50:04+00:00 ERR (3): Warning: Invalid argument supplied for foreach()  in E:\Work\www\lc.devrack.lacrosseunlimited.com\app\code\community\SMDesign\ColorswatchProductView\controllers\GetController.php on line 280
2014-01-21T15:50:04+00:00 ERR (3): Notice: Undefined variable: products  in E:\Work\www\lc.devrack.lacrosseunlimited.com\app\code\community\SMDesign\ColorswatchProductView\controllers\GetController.php on line 53
2014-01-21T15:50:04+00:00 ERR (3): Warning: Invalid argument supplied for foreach()  in E:\Work\www\lc.devrack.lacrosseunlimited.com\app\code\community\SMDesign\ColorswatchProductView\controllers\GetController.php on line 280
2014-01-21T15:50:04+00:00 ERR (3): Notice: Undefined variable: products  in E:\Work\www\lc.devrack.lacrosseunlimited.com\app\code\community\SMDesign\ColorswatchProductView\controllers\GetController.php on line 53
2014-01-21T15:50:04+00:00 ERR (3): Warning: Invalid argument supplied for foreach()  in E:\Work\www\lc.devrack.lacrosseunlimited.com\app\code\community\SMDesign\ColorswatchProductView\controllers\GetController.php on line 280
2014-01-21T15:50:04+00:00 ERR (3): Notice: Undefined variable: products  in E:\Work\www\lc.devrack.lacrosseunlimited.com\app\code\community\SMDesign\ColorswatchProductView\controllers\GetController.php on line 53
2014-01-21T15:50:04+00:00 ERR (3): Warning: Invalid argument supplied for foreach()  in E:\Work\www\lc.devrack.lacrosseunlimited.com\app\code\community\SMDesign\ColorswatchProductView\controllers\GetController.php on line 280
2014-01-21T15:50:04+00:00 ERR (3): Notice: Undefined variable: products  in E:\Work\www\lc.devrack.lacrosseunlimited.com\app\code\community\SMDesign\ColorswatchProductView\controllers\GetController.php on line 53
2014-01-21T15:50:04+00:00 ERR (3): Warning: Invalid argument supplied for foreach()  in E:\Work\www\lc.devrack.lacrosseunlimited.com\app\code\community\SMDesign\ColorswatchProductView\controllers\GetController.php on line 280
2014-01-21T15:50:04+00:00 ERR (3): Notice: Undefined variable: products  in E:\Work\www\lc.devrack.lacrosseunlimited.com\app\code\community\SMDesign\ColorswatchProductView\controllers\GetController.php on line 53
2014-01-21T15:50:04+00:00 ERR (3): Warning: Invalid argument supplied for foreach()  in E:\Work\www\lc.devrack.lacrosseunlimited.com\app\code\community\SMDesign\ColorswatchProductView\controllers\GetController.php on line 280
2014-01-21T15:50:04+00:00 ERR (3): Notice: Undefined variable: products  in E:\Work\www\lc.devrack.lacrosseunlimited.com\app\code\community\SMDesign\ColorswatchProductView\controllers\GetController.php on line 53
2014-01-21T15:50:04+00:00 ERR (3): Warning: Invalid argument supplied for foreach()  in E:\Work\www\lc.devrack.lacrosseunlimited.com\app\code\community\SMDesign\ColorswatchProductView\controllers\GetController.php on line 280
2014-01-21T15:50:04+00:00 ERR (3): Notice: Undefined variable: products  in E:\Work\www\lc.devrack.lacrosseunlimited.com\app\code\community\SMDesign\ColorswatchProductView\controllers\GetController.php on line 53
2014-01-21T15:50:04+00:00 ERR (3): Warning: Invalid argument supplied for foreach()  in E:\Work\www\lc.devrack.lacrosseunlimited.com\app\code\community\SMDesign\ColorswatchProductView\controllers\GetController.php on line 280
2014-01-21T15:50:04+00:00 ERR (3): Notice: Undefined variable: products  in E:\Work\www\lc.devrack.lacrosseunlimited.com\app\code\community\SMDesign\ColorswatchProductView\controllers\GetController.php on line 53
2014-01-21T15:50:04+00:00 ERR (3): Warning: Invalid argument supplied for foreach()  in E:\Work\www\lc.devrack.lacrosseunlimited.com\app\code\community\SMDesign\ColorswatchProductView\controllers\GetController.php on line 280
2014-01-21T15:50:04+00:00 ERR (3): Notice: Undefined variable: products  in E:\Work\www\lc.devrack.lacrosseunlimited.com\app\code\community\SMDesign\ColorswatchProductView\controllers\GetController.php on line 53
2014-01-21T15:50:04+00:00 ERR (3): Warning: Invalid argument supplied for foreach()  in E:\Work\www\lc.devrack.lacrosseunlimited.com\app\code\community\SMDesign\ColorswatchProductView\controllers\GetController.php on line 280
2014-01-21T15:50:04+00:00 ERR (3): Notice: Undefined variable: products  in E:\Work\www\lc.devrack.lacrosseunlimited.com\app\code\community\SMDesign\ColorswatchProductView\controllers\GetController.php on line 53
2014-01-21T15:50:04+00:00 ERR (3): Warning: Invalid argument supplied for foreach()  in E:\Work\www\lc.devrack.lacrosseunlimited.com\app\code\community\SMDesign\ColorswatchProductView\controllers\GetController.php on line 280
2014-01-21T15:50:04+00:00 ERR (3): Notice: Undefined variable: products  in E:\Work\www\lc.devrack.lacrosseunlimited.com\app\code\community\SMDesign\ColorswatchProductView\controllers\GetController.php on line 53
2014-01-21T15:50:04+00:00 ERR (3): Warning: Invalid argument supplied for foreach()  in E:\Work\www\lc.devrack.lacrosseunlimited.com\app\code\community\SMDesign\ColorswatchProductView\controllers\GetController.php on line 280
2014-01-21T15:50:04+00:00 ERR (3): Notice: Undefined variable: products  in E:\Work\www\lc.devrack.lacrosseunlimited.com\app\code\community\SMDesign\ColorswatchProductView\controllers\GetController.php on line 53
2014-01-21T15:50:04+00:00 ERR (3): Warning: Invalid argument supplied for foreach()  in E:\Work\www\lc.devrack.lacrosseunlimited.com\app\code\community\SMDesign\ColorswatchProductView\controllers\GetController.php on line 280
2014-01-21T15:50:04+00:00 ERR (3): Notice: Undefined variable: products  in E:\Work\www\lc.devrack.lacrosseunlimited.com\app\code\community\SMDesign\ColorswatchProductView\controllers\GetController.php on line 53
2014-01-21T15:50:04+00:00 ERR (3): Warning: Invalid argument supplied for foreach()  in E:\Work\www\lc.devrack.lacrosseunlimited.com\app\code\community\SMDesign\ColorswatchProductView\controllers\GetController.php on line 280
2014-01-21T15:50:04+00:00 ERR (3): Notice: Undefined variable: products  in E:\Work\www\lc.devrack.lacrosseunlimited.com\app\code\community\SMDesign\ColorswatchProductView\controllers\GetController.php on line 53
2014-01-21T15:50:04+00:00 ERR (3): Warning: Invalid argument supplied for foreach()  in E:\Work\www\lc.devrack.lacrosseunlimited.com\app\code\community\SMDesign\ColorswatchProductView\controllers\GetController.php on line 280
2014-01-21T15:50:04+00:00 ERR (3): Notice: Undefined variable: products  in E:\Work\www\lc.devrack.lacrosseunlimited.com\app\code\community\SMDesign\ColorswatchProductView\controllers\GetController.php on line 53
2014-01-21T15:50:04+00:00 ERR (3): Warning: Invalid argument supplied for foreach()  in E:\Work\www\lc.devrack.lacrosseunlimited.com\app\code\community\SMDesign\ColorswatchProductView\controllers\GetController.php on line 280
2014-01-21T15:50:04+00:00 ERR (3): Notice: Undefined variable: products  in E:\Work\www\lc.devrack.lacrosseunlimited.com\app\code\community\SMDesign\ColorswatchProductView\controllers\GetController.php on line 53
2014-01-21T15:50:04+00:00 ERR (3): Warning: Invalid argument supplied for foreach()  in E:\Work\www\lc.devrack.lacrosseunlimited.com\app\code\community\SMDesign\ColorswatchProductView\controllers\GetController.php on line 280
2014-01-21T15:50:04+00:00 ERR (3): Notice: Undefined variable: products  in E:\Work\www\lc.devrack.lacrosseunlimited.com\app\code\community\SMDesign\ColorswatchProductView\controllers\GetController.php on line 53
2014-01-21T15:50:04+00:00 ERR (3): Warning: Invalid argument supplied for foreach()  in E:\Work\www\lc.devrack.lacrosseunlimited.com\app\code\community\SMDesign\ColorswatchProductView\controllers\GetController.php on line 280
2014-01-21T15:50:04+00:00 ERR (3): Notice: Undefined variable: products  in E:\Work\www\lc.devrack.lacrosseunlimited.com\app\code\community\SMDesign\ColorswatchProductView\controllers\GetController.php on line 53
2014-01-21T15:50:04+00:00 ERR (3): Warning: Invalid argument supplied for foreach()  in E:\Work\www\lc.devrack.lacrosseunlimited.com\app\code\community\SMDesign\ColorswatchProductView\controllers\GetController.php on line 280
2014-01-21T15:50:04+00:00 ERR (3): Notice: Undefined variable: products  in E:\Work\www\lc.devrack.lacrosseunlimited.com\app\code\community\SMDesign\ColorswatchProductView\controllers\GetController.php on line 53
2014-01-21T15:50:04+00:00 ERR (3): Warning: Invalid argument supplied for foreach()  in E:\Work\www\lc.devrack.lacrosseunlimited.com\app\code\community\SMDesign\ColorswatchProductView\controllers\GetController.php on line 280
2014-01-21T15:50:04+00:00 ERR (3): Notice: Undefined variable: products  in E:\Work\www\lc.devrack.lacrosseunlimited.com\app\code\community\SMDesign\ColorswatchProductView\controllers\GetController.php on line 53
2014-01-21T15:50:04+00:00 ERR (3): Warning: Invalid argument supplied for foreach()  in E:\Work\www\lc.devrack.lacrosseunlimited.com\app\code\community\SMDesign\ColorswatchProductView\controllers\GetController.php on line 280
2014-01-21T15:50:04+00:00 ERR (3): Notice: Undefined variable: products  in E:\Work\www\lc.devrack.lacrosseunlimited.com\app\code\community\SMDesign\ColorswatchProductView\controllers\GetController.php on line 53
2014-01-21T15:50:04+00:00 ERR (3): Warning: Invalid argument supplied for foreach()  in E:\Work\www\lc.devrack.lacrosseunlimited.com\app\code\community\SMDesign\ColorswatchProductView\controllers\GetController.php on line 280
2014-01-21T15:50:04+00:00 ERR (3): Notice: Undefined variable: products  in E:\Work\www\lc.devrack.lacrosseunlimited.com\app\code\community\SMDesign\ColorswatchProductView\controllers\GetController.php on line 53
2014-01-21T15:50:04+00:00 ERR (3): Warning: Invalid argument supplied for foreach()  in E:\Work\www\lc.devrack.lacrosseunlimited.com\app\code\community\SMDesign\ColorswatchProductView\controllers\GetController.php on line 280
2014-01-21T15:50:04+00:00 ERR (3): Notice: Undefined variable: products  in E:\Work\www\lc.devrack.lacrosseunlimited.com\app\code\community\SMDesign\ColorswatchProductView\controllers\GetController.php on line 53
2014-01-21T15:50:04+00:00 ERR (3): Warning: Invalid argument supplied for foreach()  in E:\Work\www\lc.devrack.lacrosseunlimited.com\app\code\community\SMDesign\ColorswatchProductView\controllers\GetController.php on line 280
2014-01-21T15:50:04+00:00 ERR (3): Notice: Undefined variable: products  in E:\Work\www\lc.devrack.lacrosseunlimited.com\app\code\community\SMDesign\ColorswatchProductView\controllers\GetController.php on line 53
2014-01-21T15:50:04+00:00 ERR (3): Warning: Invalid argument supplied for foreach()  in E:\Work\www\lc.devrack.lacrosseunlimited.com\app\code\community\SMDesign\ColorswatchProductView\controllers\GetController.php on line 280
2014-01-21T15:50:04+00:00 ERR (3): Notice: Undefined variable: products  in E:\Work\www\lc.devrack.lacrosseunlimited.com\app\code\community\SMDesign\ColorswatchProductView\controllers\GetController.php on line 53
2014-01-21T15:50:04+00:00 ERR (3): Warning: Invalid argument supplied for foreach()  in E:\Work\www\lc.devrack.lacrosseunlimited.com\app\code\community\SMDesign\ColorswatchProductView\controllers\GetController.php on line 280
2014-01-21T15:50:04+00:00 ERR (3): Notice: Undefined variable: products  in E:\Work\www\lc.devrack.lacrosseunlimited.com\app\code\community\SMDesign\ColorswatchProductView\controllers\GetController.php on line 53
2014-01-21T15:50:04+00:00 ERR (3): Warning: Invalid argument supplied for foreach()  in E:\Work\www\lc.devrack.lacrosseunlimited.com\app\code\community\SMDesign\ColorswatchProductView\controllers\GetController.php on line 280
2014-01-21T15:50:04+00:00 ERR (3): Notice: Undefined variable: products  in E:\Work\www\lc.devrack.lacrosseunlimited.com\app\code\community\SMDesign\ColorswatchProductView\controllers\GetController.php on line 53
2014-01-21T15:50:04+00:00 ERR (3): Warning: Invalid argument supplied for foreach()  in E:\Work\www\lc.devrack.lacrosseunlimited.com\app\code\community\SMDesign\ColorswatchProductView\controllers\GetController.php on line 280
2014-01-21T15:50:04+00:00 ERR (3): Notice: Undefined variable: products  in E:\Work\www\lc.devrack.lacrosseunlimited.com\app\code\community\SMDesign\ColorswatchProductView\controllers\GetController.php on line 53
2014-01-21T15:50:04+00:00 ERR (3): Warning: Invalid argument supplied for foreach()  in E:\Work\www\lc.devrack.lacrosseunlimited.com\app\code\community\SMDesign\ColorswatchProductView\controllers\GetController.php on line 280
2014-01-21T15:50:04+00:00 ERR (3): Notice: Undefined variable: products  in E:\Work\www\lc.devrack.lacrosseunlimited.com\app\code\community\SMDesign\ColorswatchProductView\controllers\GetController.php on line 53
2014-01-21T15:50:04+00:00 ERR (3): Warning: Invalid argument supplied for foreach()  in E:\Work\www\lc.devrack.lacrosseunlimited.com\app\code\community\SMDesign\ColorswatchProductView\controllers\GetController.php on line 280
2014-01-21T15:50:04+00:00 ERR (3): Notice: Undefined variable: products  in E:\Work\www\lc.devrack.lacrosseunlimited.com\app\code\community\SMDesign\ColorswatchProductView\controllers\GetController.php on line 53
2014-01-21T15:50:04+00:00 ERR (3): Warning: Invalid argument supplied for foreach()  in E:\Work\www\lc.devrack.lacrosseunlimited.com\app\code\community\SMDesign\ColorswatchProductView\controllers\GetController.php on line 280
2014-01-21T15:50:04+00:00 ERR (3): Notice: Undefined variable: products  in E:\Work\www\lc.devrack.lacrosseunlimited.com\app\code\community\SMDesign\ColorswatchProductView\controllers\GetController.php on line 53
2014-01-21T15:50:04+00:00 ERR (3): Warning: Invalid argument supplied for foreach()  in E:\Work\www\lc.devrack.lacrosseunlimited.com\app\code\community\SMDesign\ColorswatchProductView\controllers\GetController.php on line 280
2014-01-21T15:50:04+00:00 ERR (3): Notice: Undefined variable: products  in E:\Work\www\lc.devrack.lacrosseunlimited.com\app\code\community\SMDesign\ColorswatchProductView\controllers\GetController.php on line 53
2014-01-21T15:50:04+00:00 ERR (3): Warning: Invalid argument supplied for foreach()  in E:\Work\www\lc.devrack.lacrosseunlimited.com\app\code\community\SMDesign\ColorswatchProductView\controllers\GetController.php on line 280
2014-01-21T15:50:04+00:00 ERR (3): Notice: Undefined variable: products  in E:\Work\www\lc.devrack.lacrosseunlimited.com\app\code\community\SMDesign\ColorswatchProductView\controllers\GetController.php on line 53
2014-01-21T15:50:04+00:00 ERR (3): Warning: Invalid argument supplied for foreach()  in E:\Work\www\lc.devrack.lacrosseunlimited.com\app\code\community\SMDesign\ColorswatchProductView\controllers\GetController.php on line 280
2014-01-21T15:50:04+00:00 ERR (3): Notice: Undefined variable: products  in E:\Work\www\lc.devrack.lacrosseunlimited.com\app\code\community\SMDesign\ColorswatchProductView\controllers\GetController.php on line 53
2014-01-21T15:50:04+00:00 ERR (3): Warning: Invalid argument supplied for foreach()  in E:\Work\www\lc.devrack.lacrosseunlimited.com\app\code\community\SMDesign\ColorswatchProductView\controllers\GetController.php on line 280
2014-01-21T15:50:04+00:00 ERR (3): Notice: Undefined variable: products  in E:\Work\www\lc.devrack.lacrosseunlimited.com\app\code\community\SMDesign\ColorswatchProductView\controllers\GetController.php on line 53
2014-01-21T15:50:04+00:00 ERR (3): Warning: Invalid argument supplied for foreach()  in E:\Work\www\lc.devrack.lacrosseunlimited.com\app\code\community\SMDesign\ColorswatchProductView\controllers\GetController.php on line 280
2014-01-21T15:50:04+00:00 ERR (3): Notice: Undefined variable: products  in E:\Work\www\lc.devrack.lacrosseunlimited.com\app\code\community\SMDesign\ColorswatchProductView\controllers\GetController.php on line 53
2014-01-21T15:50:04+00:00 ERR (3): Warning: Invalid argument supplied for foreach()  in E:\Work\www\lc.devrack.lacrosseunlimited.com\app\code\community\SMDesign\ColorswatchProductView\controllers\GetController.php on line 280
2014-01-21T15:50:04+00:00 ERR (3): Notice: Undefined variable: products  in E:\Work\www\lc.devrack.lacrosseunlimited.com\app\code\community\SMDesign\ColorswatchProductView\controllers\GetController.php on line 53
2014-01-21T15:50:04+00:00 ERR (3): Warning: Invalid argument supplied for foreach()  in E:\Work\www\lc.devrack.lacrosseunlimited.com\app\code\community\SMDesign\ColorswatchProductView\controllers\GetController.php on line 280
2014-01-21T15:50:04+00:00 ERR (3): Notice: Undefined variable: products  in E:\Work\www\lc.devrack.lacrosseunlimited.com\app\code\community\SMDesign\ColorswatchProductView\controllers\GetController.php on line 53
2014-01-21T15:50:04+00:00 ERR (3): Warning: Invalid argument supplied for foreach()  in E:\Work\www\lc.devrack.lacrosseunlimited.com\app\code\community\SMDesign\ColorswatchProductView\controllers\GetController.php on line 280
2014-01-21T15:50:04+00:00 ERR (3): Notice: Undefined variable: products  in E:\Work\www\lc.devrack.lacrosseunlimited.com\app\code\community\SMDesign\ColorswatchProductView\controllers\GetController.php on line 53
2014-01-21T15:50:04+00:00 ERR (3): Warning: Invalid argument supplied for foreach()  in E:\Work\www\lc.devrack.lacrosseunlimited.com\app\code\community\SMDesign\ColorswatchProductView\controllers\GetController.php on line 280
2014-01-21T15:50:04+00:00 ERR (3): Notice: Undefined variable: products  in E:\Work\www\lc.devrack.lacrosseunlimited.com\app\code\community\SMDesign\ColorswatchProductView\controllers\GetController.php on line 53
2014-01-21T15:50:04+00:00 ERR (3): Warning: Invalid argument supplied for foreach()  in E:\Work\www\lc.devrack.lacrosseunlimited.com\app\code\community\SMDesign\ColorswatchProductView\controllers\GetController.php on line 280
2014-01-21T15:50:04+00:00 ERR (3): Notice: Undefined variable: products  in E:\Work\www\lc.devrack.lacrosseunlimited.com\app\code\community\SMDesign\ColorswatchProductView\controllers\GetController.php on line 53
2014-01-21T15:50:04+00:00 ERR (3): Warning: Invalid argument supplied for foreach()  in E:\Work\www\lc.devrack.lacrosseunlimited.com\app\code\community\SMDesign\ColorswatchProductView\controllers\GetController.php on line 280
2014-01-21T15:50:04+00:00 ERR (3): Notice: Undefined variable: products  in E:\Work\www\lc.devrack.lacrosseunlimited.com\app\code\community\SMDesign\ColorswatchProductView\controllers\GetController.php on line 53
2014-01-21T15:50:04+00:00 ERR (3): Warning: Invalid argument supplied for foreach()  in E:\Work\www\lc.devrack.lacrosseunlimited.com\app\code\community\SMDesign\ColorswatchProductView\controllers\GetController.php on line 280
2014-01-21T15:50:04+00:00 ERR (3): Notice: Undefined variable: products  in E:\Work\www\lc.devrack.lacrosseunlimited.com\app\code\community\SMDesign\ColorswatchProductView\controllers\GetController.php on line 53
2014-01-21T15:50:04+00:00 ERR (3): Warning: Invalid argument supplied for foreach()  in E:\Work\www\lc.devrack.lacrosseunlimited.com\app\code\community\SMDesign\ColorswatchProductView\controllers\GetController.php on line 280
2014-01-21T15:50:04+00:00 ERR (3): Notice: Undefined variable: products  in E:\Work\www\lc.devrack.lacrosseunlimited.com\app\code\community\SMDesign\ColorswatchProductView\controllers\GetController.php on line 53
2014-01-21T15:50:04+00:00 ERR (3): Warning: Invalid argument supplied for foreach()  in E:\Work\www\lc.devrack.lacrosseunlimited.com\app\code\community\SMDesign\ColorswatchProductView\controllers\GetController.php on line 280
2014-01-21T15:50:04+00:00 ERR (3): Notice: Undefined variable: products  in E:\Work\www\lc.devrack.lacrosseunlimited.com\app\code\community\SMDesign\ColorswatchProductView\controllers\GetController.php on line 53
2014-01-21T15:50:04+00:00 ERR (3): Warning: Invalid argument supplied for foreach()  in E:\Work\www\lc.devrack.lacrosseunlimited.com\app\code\community\SMDesign\ColorswatchProductView\controllers\GetController.php on line 280
2014-01-21T15:50:04+00:00 ERR (3): Notice: Undefined variable: products  in E:\Work\www\lc.devrack.lacrosseunlimited.com\app\code\community\SMDesign\ColorswatchProductView\controllers\GetController.php on line 53
2014-01-21T15:50:04+00:00 ERR (3): Warning: Invalid argument supplied for foreach()  in E:\Work\www\lc.devrack.lacrosseunlimited.com\app\code\community\SMDesign\ColorswatchProductView\controllers\GetController.php on line 280
2014-01-21T15:50:04+00:00 ERR (3): Notice: Undefined variable: products  in E:\Work\www\lc.devrack.lacrosseunlimited.com\app\code\community\SMDesign\ColorswatchProductView\controllers\GetController.php on line 53
2014-01-21T15:50:04+00:00 ERR (3): Warning: Invalid argument supplied for foreach()  in E:\Work\www\lc.devrack.lacrosseunlimited.com\app\code\community\SMDesign\ColorswatchProductView\controllers\GetController.php on line 280
2014-01-21T15:50:04+00:00 ERR (3): Notice: Undefined variable: products  in E:\Work\www\lc.devrack.lacrosseunlimited.com\app\code\community\SMDesign\ColorswatchProductView\controllers\GetController.php on line 53
2014-01-21T15:50:04+00:00 ERR (3): Warning: Invalid argument supplied for foreach()  in E:\Work\www\lc.devrack.lacrosseunlimited.com\app\code\community\SMDesign\ColorswatchProductView\controllers\GetController.php on line 280
2014-01-21T15:50:04+00:00 ERR (3): Notice: Undefined variable: products  in E:\Work\www\lc.devrack.lacrosseunlimited.com\app\code\community\SMDesign\ColorswatchProductView\controllers\GetController.php on line 53
2014-01-21T15:50:04+00:00 ERR (3): Warning: Invalid argument supplied for foreach()  in E:\Work\www\lc.devrack.lacrosseunlimited.com\app\code\community\SMDesign\ColorswatchProductView\controllers\GetController.php on line 280
2014-01-21T15:50:04+00:00 ERR (3): Notice: Undefined variable: products  in E:\Work\www\lc.devrack.lacrosseunlimited.com\app\code\community\SMDesign\ColorswatchProductView\controllers\GetController.php on line 53
2014-01-21T15:50:04+00:00 ERR (3): Warning: Invalid argument supplied for foreach()  in E:\Work\www\lc.devrack.lacrosseunlimited.com\app\code\community\SMDesign\ColorswatchProductView\controllers\GetController.php on line 280
2014-01-21T15:50:04+00:00 ERR (3): Notice: Undefined variable: products  in E:\Work\www\lc.devrack.lacrosseunlimited.com\app\code\community\SMDesign\ColorswatchProductView\controllers\GetController.php on line 53
2014-01-21T15:50:04+00:00 ERR (3): Warning: Invalid argument supplied for foreach()  in E:\Work\www\lc.devrack.lacrosseunlimited.com\app\code\community\SMDesign\ColorswatchProductView\controllers\GetController.php on line 280
2014-01-21T15:50:04+00:00 ERR (3): Notice: Undefined variable: products  in E:\Work\www\lc.devrack.lacrosseunlimited.com\app\code\community\SMDesign\ColorswatchProductView\controllers\GetController.php on line 53
2014-01-21T15:50:04+00:00 ERR (3): Warning: Invalid argument supplied for foreach()  in E:\Work\www\lc.devrack.lacrosseunlimited.com\app\code\community\SMDesign\ColorswatchProductView\controllers\GetController.php on line 280
2014-01-21T15:50:04+00:00 ERR (3): Notice: Undefined variable: products  in E:\Work\www\lc.devrack.lacrosseunlimited.com\app\code\community\SMDesign\ColorswatchProductView\controllers\GetController.php on line 53
2014-01-21T15:50:04+00:00 ERR (3): Warning: Invalid argument supplied for foreach()  in E:\Work\www\lc.devrack.lacrosseunlimited.com\app\code\community\SMDesign\ColorswatchProductView\controllers\GetController.php on line 280
2014-01-21T15:50:04+00:00 ERR (3): Notice: Undefined variable: products  in E:\Work\www\lc.devrack.lacrosseunlimited.com\app\code\community\SMDesign\ColorswatchProductView\controllers\GetController.php on line 53
2014-01-21T15:50:04+00:00 ERR (3): Warning: Invalid argument supplied for foreach()  in E:\Work\www\lc.devrack.lacrosseunlimited.com\app\code\community\SMDesign\ColorswatchProductView\controllers\GetController.php on line 280
2014-01-21T15:50:04+00:00 ERR (3): Notice: Undefined variable: products  in E:\Work\www\lc.devrack.lacrosseunlimited.com\app\code\community\SMDesign\ColorswatchProductView\controllers\GetController.php on line 53
2014-01-21T15:50:04+00:00 ERR (3): Warning: Invalid argument supplied for foreach()  in E:\Work\www\lc.devrack.lacrosseunlimited.com\app\code\community\SMDesign\ColorswatchProductView\controllers\GetController.php on line 280
2014-01-21T15:50:04+00:00 ERR (3): Notice: Undefined variable: products  in E:\Work\www\lc.devrack.lacrosseunlimited.com\app\code\community\SMDesign\ColorswatchProductView\controllers\GetController.php on line 53
2014-01-21T15:50:04+00:00 ERR (3): Warning: Invalid argument supplied for foreach()  in E:\Work\www\lc.devrack.lacrosseunlimited.com\app\code\community\SMDesign\ColorswatchProductView\controllers\GetController.php on line 280
2014-01-21T15:50:04+00:00 ERR (3): Notice: Undefined variable: products  in E:\Work\www\lc.devrack.lacrosseunlimited.com\app\code\community\SMDesign\ColorswatchProductView\controllers\GetController.php on line 53
2014-01-21T15:50:04+00:00 ERR (3): Warning: Invalid argument supplied for foreach()  in E:\Work\www\lc.devrack.lacrosseunlimited.com\app\code\community\SMDesign\ColorswatchProductView\controllers\GetController.php on line 280
2014-01-21T15:50:04+00:00 ERR (3): Notice: Undefined variable: products  in E:\Work\www\lc.devrack.lacrosseunlimited.com\app\code\community\SMDesign\ColorswatchProductView\controllers\GetController.php on line 53
2014-01-21T15:50:04+00:00 ERR (3): Warning: Invalid argument supplied for foreach()  in E:\Work\www\lc.devrack.lacrosseunlimited.com\app\code\community\SMDesign\ColorswatchProductView\controllers\GetController.php on line 280
2014-01-21T15:50:04+00:00 ERR (3): Notice: Undefined variable: products  in E:\Work\www\lc.devrack.lacrosseunlimited.com\app\code\community\SMDesign\ColorswatchProductView\controllers\GetController.php on line 53
2014-01-21T15:50:04+00:00 ERR (3): Warning: Invalid argument supplied for foreach()  in E:\Work\www\lc.devrack.lacrosseunlimited.com\app\code\community\SMDesign\ColorswatchProductView\controllers\GetController.php on line 280
2014-01-21T15:50:04+00:00 ERR (3): Notice: Undefined variable: products  in E:\Work\www\lc.devrack.lacrosseunlimited.com\app\code\community\SMDesign\ColorswatchProductView\controllers\GetController.php on line 53
2014-01-21T15:50:04+00:00 ERR (3): Warning: Invalid argument supplied for foreach()  in E:\Work\www\lc.devrack.lacrosseunlimited.com\app\code\community\SMDesign\ColorswatchProductView\controllers\GetController.php on line 280
2014-01-21T15:50:04+00:00 ERR (3): Notice: Undefined variable: products  in E:\Work\www\lc.devrack.lacrosseunlimited.com\app\code\community\SMDesign\ColorswatchProductView\controllers\GetController.php on line 53
2014-01-21T15:50:04+00:00 ERR (3): Warning: Invalid argument supplied for foreach()  in E:\Work\www\lc.devrack.lacrosseunlimited.com\app\code\community\SMDesign\ColorswatchProductView\controllers\GetController.php on line 280
2014-01-21T15:50:04+00:00 ERR (3): Notice: Undefined variable: products  in E:\Work\www\lc.devrack.lacrosseunlimited.com\app\code\community\SMDesign\ColorswatchProductView\controllers\GetController.php on line 53
2014-01-21T15:50:04+00:00 ERR (3): Warning: Invalid argument supplied for foreach()  in E:\Work\www\lc.devrack.lacrosseunlimited.com\app\code\community\SMDesign\ColorswatchProductView\controllers\GetController.php on line 280
2014-01-21T15:50:04+00:00 ERR (3): Notice: Undefined variable: products  in E:\Work\www\lc.devrack.lacrosseunlimited.com\app\code\community\SMDesign\ColorswatchProductView\controllers\GetController.php on line 53
2014-01-21T15:50:04+00:00 ERR (3): Warning: Invalid argument supplied for foreach()  in E:\Work\www\lc.devrack.lacrosseunlimited.com\app\code\community\SMDesign\ColorswatchProductView\controllers\GetController.php on line 280
2014-01-21T15:50:04+00:00 ERR (3): Notice: Undefined variable: products  in E:\Work\www\lc.devrack.lacrosseunlimited.com\app\code\community\SMDesign\ColorswatchProductView\controllers\GetController.php on line 53
2014-01-21T15:50:04+00:00 ERR (3): Warning: Invalid argument supplied for foreach()  in E:\Work\www\lc.devrack.lacrosseunlimited.com\app\code\community\SMDesign\ColorswatchProductView\controllers\GetController.php on line 280
2014-01-21T15:50:04+00:00 ERR (3): Notice: Undefined variable: products  in E:\Work\www\lc.devrack.lacrosseunlimited.com\app\code\community\SMDesign\ColorswatchProductView\controllers\GetController.php on line 53
2014-01-21T15:50:04+00:00 ERR (3): Warning: Invalid argument supplied for foreach()  in E:\Work\www\lc.devrack.lacrosseunlimited.com\app\code\community\SMDesign\ColorswatchProductView\controllers\GetController.php on line 280
2014-01-21T15:50:04+00:00 ERR (3): Notice: Undefined variable: products  in E:\Work\www\lc.devrack.lacrosseunlimited.com\app\code\community\SMDesign\ColorswatchProductView\controllers\GetController.php on line 53
2014-01-21T15:50:04+00:00 ERR (3): Warning: Invalid argument supplied for foreach()  in E:\Work\www\lc.devrack.lacrosseunlimited.com\app\code\community\SMDesign\ColorswatchProductView\controllers\GetController.php on line 280
2014-01-21T15:50:04+00:00 ERR (3): Notice: Undefined variable: products  in E:\Work\www\lc.devrack.lacrosseunlimited.com\app\code\community\SMDesign\ColorswatchProductView\controllers\GetController.php on line 53
2014-01-21T15:50:04+00:00 ERR (3): Warning: Invalid argument supplied for foreach()  in E:\Work\www\lc.devrack.lacrosseunlimited.com\app\code\community\SMDesign\ColorswatchProductView\controllers\GetController.php on line 280
2014-01-21T15:50:04+00:00 ERR (3): Notice: Undefined variable: products  in E:\Work\www\lc.devrack.lacrosseunlimited.com\app\code\community\SMDesign\ColorswatchProductView\controllers\GetController.php on line 53
2014-01-21T15:50:04+00:00 ERR (3): Warning: Invalid argument supplied for foreach()  in E:\Work\www\lc.devrack.lacrosseunlimited.com\app\code\community\SMDesign\ColorswatchProductView\controllers\GetController.php on line 280
2014-01-21T15:50:04+00:00 ERR (3): Notice: Undefined variable: products  in E:\Work\www\lc.devrack.lacrosseunlimited.com\app\code\community\SMDesign\ColorswatchProductView\controllers\GetController.php on line 53
2014-01-21T15:50:04+00:00 ERR (3): Warning: Invalid argument supplied for foreach()  in E:\Work\www\lc.devrack.lacrosseunlimited.com\app\code\community\SMDesign\ColorswatchProductView\controllers\GetController.php on line 280
2014-01-21T15:50:05+00:00 ERR (3): Warning: Missing argument 1 for Mage_Core_Model_Abstract::load(), called in E:\Work\www\lc.devrack.lacrosseunlimited.com\app\code\community\SMDesign\ColorswatchProductView\controllers\GetController.php on line 163 and defined  in E:\Work\www\lc.devrack.lacrosseunlimited.com\app\code\core\Mage\Core\Model\Abstract.php on line 222
2014-01-21T15:50:05+00:00 ERR (3): Notice: Undefined variable: id  in E:\Work\www\lc.devrack.lacrosseunlimited.com\app\code\core\Mage\Core\Model\Abstract.php on line 224
2014-01-21T15:50:05+00:00 ERR (3): Notice: Undefined variable: id  in E:\Work\www\lc.devrack.lacrosseunlimited.com\app\code\core\Mage\Core\Model\Abstract.php on line 225
2014-01-21T15:50:05+00:00 ERR (3): Warning: Missing argument 1 for Mage_Core_Model_Abstract::load(), called in E:\Work\www\lc.devrack.lacrosseunlimited.com\app\code\community\SMDesign\ColorswatchProductView\controllers\GetController.php on line 163 and defined  in E:\Work\www\lc.devrack.lacrosseunlimited.com\app\code\core\Mage\Core\Model\Abstract.php on line 222
2014-01-21T15:50:05+00:00 ERR (3): Notice: Undefined variable: id  in E:\Work\www\lc.devrack.lacrosseunlimited.com\app\code\core\Mage\Core\Model\Abstract.php on line 224
2014-01-21T15:50:05+00:00 ERR (3): Notice: Undefined variable: id  in E:\Work\www\lc.devrack.lacrosseunlimited.com\app\code\core\Mage\Core\Model\Abstract.php on line 225
2014-01-21T15:50:05+00:00 ERR (3): Warning: Missing argument 1 for Mage_Core_Model_Abstract::load(), called in E:\Work\www\lc.devrack.lacrosseunlimited.com\app\code\community\SMDesign\ColorswatchProductView\controllers\GetController.php on line 163 and defined  in E:\Work\www\lc.devrack.lacrosseunlimited.com\app\code\core\Mage\Core\Model\Abstract.php on line 222
2014-01-21T15:50:05+00:00 ERR (3): Notice: Undefined variable: id  in E:\Work\www\lc.devrack.lacrosseunlimited.com\app\code\core\Mage\Core\Model\Abstract.php on line 224
2014-01-21T15:50:05+00:00 ERR (3): Notice: Undefined variable: id  in E:\Work\www\lc.devrack.lacrosseunlimited.com\app\code\core\Mage\Core\Model\Abstract.php on line 225
2014-01-21T15:50:05+00:00 ERR (3): Warning: Missing argument 1 for Mage_Core_Model_Abstract::load(), called in E:\Work\www\lc.devrack.lacrosseunlimited.com\app\code\community\SMDesign\ColorswatchProductView\controllers\GetController.php on line 163 and defined  in E:\Work\www\lc.devrack.lacrosseunlimited.com\app\code\core\Mage\Core\Model\Abstract.php on line 222
2014-01-21T15:50:05+00:00 ERR (3): Notice: Undefined variable: id  in E:\Work\www\lc.devrack.lacrosseunlimited.com\app\code\core\Mage\Core\Model\Abstract.php on line 224
2014-01-21T15:50:05+00:00 ERR (3): Notice: Undefined variable: id  in E:\Work\www\lc.devrack.lacrosseunlimited.com\app\code\core\Mage\Core\Model\Abstract.php on line 225
2014-01-21T15:50:05+00:00 ERR (3): Warning: Missing argument 1 for Mage_Core_Model_Abstract::load(), called in E:\Work\www\lc.devrack.lacrosseunlimited.com\app\code\community\SMDesign\ColorswatchProductView\controllers\GetController.php on line 163 and defined  in E:\Work\www\lc.devrack.lacrosseunlimited.com\app\code\core\Mage\Core\Model\Abstract.php on line 222
2014-01-21T15:50:05+00:00 ERR (3): Notice: Undefined variable: id  in E:\Work\www\lc.devrack.lacrosseunlimited.com\app\code\core\Mage\Core\Model\Abstract.php on line 224
2014-01-21T15:50:05+00:00 ERR (3): Notice: Undefined variable: id  in E:\Work\www\lc.devrack.lacrosseunlimited.com\app\code\core\Mage\Core\Model\Abstract.php on line 225
2014-01-21T15:50:06+00:00 ERR (3): Warning: Missing argument 1 for Mage_Core_Model_Abstract::load(), called in E:\Work\www\lc.devrack.lacrosseunlimited.com\app\code\community\SMDesign\ColorswatchProductView\controllers\GetController.php on line 163 and defined  in E:\Work\www\lc.devrack.lacrosseunlimited.com\app\code\core\Mage\Core\Model\Abstract.php on line 222
2014-01-21T15:50:06+00:00 ERR (3): Notice: Undefined variable: id  in E:\Work\www\lc.devrack.lacrosseunlimited.com\app\code\core\Mage\Core\Model\Abstract.php on line 224
2014-01-21T15:50:06+00:00 ERR (3): Notice: Undefined variable: id  in E:\Work\www\lc.devrack.lacrosseunlimited.com\app\code\core\Mage\Core\Model\Abstract.php on line 225
2014-01-21T15:50:06+00:00 ERR (3): Warning: Missing argument 1 for Mage_Core_Model_Abstract::load(), called in E:\Work\www\lc.devrack.lacrosseunlimited.com\app\code\community\SMDesign\ColorswatchProductView\controllers\GetController.php on line 163 and defined  in E:\Work\www\lc.devrack.lacrosseunlimited.com\app\code\core\Mage\Core\Model\Abstract.php on line 222
2014-01-21T15:50:06+00:00 ERR (3): Notice: Undefined variable: id  in E:\Work\www\lc.devrack.lacrosseunlimited.com\app\code\core\Mage\Core\Model\Abstract.php on line 224
2014-01-21T15:50:06+00:00 ERR (3): Notice: Undefined variable: id  in E:\Work\www\lc.devrack.lacrosseunlimited.com\app\code\core\Mage\Core\Model\Abstract.php on line 225
2014-01-21T15:50:06+00:00 ERR (3): Warning: Missing argument 1 for Mage_Core_Model_Abstract::load(), called in E:\Work\www\lc.devrack.lacrosseunlimited.com\app\code\community\SMDesign\ColorswatchProductView\controllers\GetController.php on line 163 and defined  in E:\Work\www\lc.devrack.lacrosseunlimited.com\app\code\core\Mage\Core\Model\Abstract.php on line 222
2014-01-21T15:50:06+00:00 ERR (3): Notice: Undefined variable: id  in E:\Work\www\lc.devrack.lacrosseunlimited.com\app\code\core\Mage\Core\Model\Abstract.php on line 224
2014-01-21T15:50:06+00:00 ERR (3): Notice: Undefined variable: id  in E:\Work\www\lc.devrack.lacrosseunlimited.com\app\code\core\Mage\Core\Model\Abstract.php on line 225
2014-01-21T15:50:06+00:00 ERR (3): Warning: Missing argument 1 for Mage_Core_Model_Abstract::load(), called in E:\Work\www\lc.devrack.lacrosseunlimited.com\app\code\community\SMDesign\ColorswatchProductView\controllers\GetController.php on line 163 and defined  in E:\Work\www\lc.devrack.lacrosseunlimited.com\app\code\core\Mage\Core\Model\Abstract.php on line 222
2014-01-21T15:50:06+00:00 ERR (3): Notice: Undefined variable: id  in E:\Work\www\lc.devrack.lacrosseunlimited.com\app\code\core\Mage\Core\Model\Abstract.php on line 224
2014-01-21T15:50:06+00:00 ERR (3): Notice: Undefined variable: id  in E:\Work\www\lc.devrack.lacrosseunlimited.com\app\code\core\Mage\Core\Model\Abstract.php on line 225
2014-01-21T15:50:06+00:00 ERR (3): Warning: Missing argument 1 for Mage_Core_Model_Abstract::load(), called in E:\Work\www\lc.devrack.lacrosseunlimited.com\app\code\community\SMDesign\ColorswatchProductView\controllers\GetController.php on line 163 and defined  in E:\Work\www\lc.devrack.lacrosseunlimited.com\app\code\core\Mage\Core\Model\Abstract.php on line 222
2014-01-21T15:50:06+00:00 ERR (3): Notice: Undefined variable: id  in E:\Work\www\lc.devrack.lacrosseunlimited.com\app\code\core\Mage\Core\Model\Abstract.php on line 224
2014-01-21T15:50:06+00:00 ERR (3): Notice: Undefined variable: id  in E:\Work\www\lc.devrack.lacrosseunlimited.com\app\code\core\Mage\Core\Model\Abstract.php on line 225
2014-01-21T15:50:12+00:00 ERR (3): Notice: Undefined index: name  in E:\Work\www\lc.devrack.lacrosseunlimited.com\app\code\local\MST\Menupro\Helper\Data.php on line 112
2014-01-21T15:50:12+00:00 ERR (3): Notice: Undefined index: name  in E:\Work\www\lc.devrack.lacrosseunlimited.com\app\code\local\MST\Menupro\Helper\Data.php on line 112
2014-01-21T15:50:31+00:00 ERR (3): Notice: Undefined index: name  in E:\Work\www\lc.devrack.lacrosseunlimited.com\app\code\local\MST\Menupro\Helper\Data.php on line 112
2014-01-21T15:50:31+00:00 ERR (3): Notice: Undefined index: name  in E:\Work\www\lc.devrack.lacrosseunlimited.com\app\code\local\MST\Menupro\Helper\Data.php on line 112
2014-01-21T15:50:33+00:00 CRIT (2): Not valid template file:frontend\base\default\template\quickviewpro/script.phtml
2014-01-21T15:50:34+00:00 CRIT (2): Not valid template file:frontend\base\default\template\quickviewpro/script.phtml
2014-01-21T15:50:34+00:00 ERR (3): Warning: Missing argument 2 for SMDesign_ColorswatchProductList_Helper_Data::showSwatches(), called in E:\Work\www\lc.devrack.lacrosseunlimited.com\app\design\frontend\lacrosse\default\template\colorswatch\product\list.phtml on line 100 and defined  in E:\Work\www\lc.devrack.lacrosseunlimited.com\app\code\community\SMDesign\ColorswatchProductList\Helper\Data.php on line 96
2014-01-21T15:50:35+00:00 ERR (3): Notice: Undefined variable: attributeCounter  in E:\Work\www\lc.devrack.lacrosseunlimited.com\app\code\community\SMDesign\ColorswatchProductList\Helper\Data.php on line 125
2014-01-21T15:50:35+00:00 CRIT (2): Not valid template file:frontend\base\default\template\quickviewpro/script.phtml
2014-01-21T15:50:35+00:00 ERR (3): Warning: Missing argument 2 for SMDesign_ColorswatchProductList_Helper_Data::showSwatches(), called in E:\Work\www\lc.devrack.lacrosseunlimited.com\app\design\frontend\lacrosse\default\template\colorswatch\product\list.phtml on line 100 and defined  in E:\Work\www\lc.devrack.lacrosseunlimited.com\app\code\community\SMDesign\ColorswatchProductList\Helper\Data.php on line 96
2014-01-21T15:50:35+00:00 ERR (3): Notice: Undefined variable: attributeCounter  in E:\Work\www\lc.devrack.lacrosseunlimited.com\app\code\community\SMDesign\ColorswatchProductList\Helper\Data.php on line 125
2014-01-21T15:50:35+00:00 CRIT (2): Not valid template file:frontend\base\default\template\quickviewpro/script.phtml
2014-01-21T15:50:36+00:00 CRIT (2): Not valid template file:frontend\base\default\template\quickviewpro/script.phtml
2014-01-21T15:50:36+00:00 CRIT (2): Not valid template file:frontend\base\default\template\quickviewpro/script.phtml
2014-01-21T15:50:37+00:00 CRIT (2): Not valid template file:frontend\base\default\template\quickviewpro/script.phtml
2014-01-21T15:50:37+00:00 CRIT (2): Not valid template file:frontend\base\default\template\quickviewpro/script.phtml
2014-01-21T15:50:37+00:00 CRIT (2): Not valid template file:frontend\base\default\template\quickviewpro/script.phtml
2014-01-21T15:50:37+00:00 CRIT (2): Not valid template file:frontend\base\default\template\quickviewpro/script.phtml
2014-01-21T15:50:37+00:00 CRIT (2): Not valid template file:frontend\base\default\template\quickviewpro/script.phtml
2014-01-21T15:50:38+00:00 CRIT (2): Not valid template file:frontend\base\default\template\quickviewpro/script.phtml
2014-01-21T15:50:38+00:00 CRIT (2): Not valid template file:frontend\base\default\template\quickviewpro/script.phtml
2014-01-21T15:50:39+00:00 CRIT (2): Not valid template file:frontend\base\default\template\quickviewpro/script.phtml
2014-01-21T15:50:39+00:00 CRIT (2): Not valid template file:frontend\base\default\template\quickviewpro/script.phtml
2014-01-21T15:50:53+00:00 ERR (3): Notice: Undefined index: name  in E:\Work\www\lc.devrack.lacrosseunlimited.com\app\code\local\MST\Menupro\Helper\Data.php on line 112
2014-01-21T15:50:53+00:00 ERR (3): Notice: Undefined index: name  in E:\Work\www\lc.devrack.lacrosseunlimited.com\app\code\local\MST\Menupro\Helper\Data.php on line 112
2014-01-21T15:51:09+00:00 ERR (3): Notice: Undefined index: name  in E:\Work\www\lc.devrack.lacrosseunlimited.com\app\code\local\MST\Menupro\Helper\Data.php on line 112
2014-01-21T15:51:09+00:00 ERR (3): Notice: Undefined index: name  in E:\Work\www\lc.devrack.lacrosseunlimited.com\app\code\local\MST\Menupro\Helper\Data.php on line 112
2014-01-21T15:51:17+00:00 ERR (3): Notice: Undefined index: name  in E:\Work\www\lc.devrack.lacrosseunlimited.com\app\code\local\MST\Menupro\Helper\Data.php on line 112
2014-01-21T15:51:17+00:00 ERR (3): Notice: Undefined index: name  in E:\Work\www\lc.devrack.lacrosseunlimited.com\app\code\local\MST\Menupro\Helper\Data.php on line 112
2014-01-23T04:40:15+00:00 ERR (3): Notice: Undefined index: name  in E:\Work\www\lc.devrack.lacrosseunlimited.com\app\code\local\MST\Menupro\Helper\Data.php on line 112
2014-01-23T04:40:15+00:00 ERR (3): Notice: Undefined index: name  in E:\Work\www\lc.devrack.lacrosseunlimited.com\app\code\local\MST\Menupro\Helper\Data.php on line 112
2014-01-23T04:43:14+00:00 ERR (3): Warning: array_key_exists() expects parameter 2 to be array, null given  in E:\Work\www\lc.devrack.lacrosseunlimited.com\app\code\core\Mage\Captcha\Model\Observer.php on line 166
2014-01-23T04:46:25+00:00 ERR (3): Warning: array_key_exists() expects parameter 2 to be array, null given  in E:\Work\www\lc.devrack.lacrosseunlimited.com\app\code\core\Mage\Captcha\Model\Observer.php on line 166
